\BOOKMARK [1][-]{section.1}{\376\377\000M\000e\000a\000s\000u\000r\000e}{}% 1
\BOOKMARK [2][-]{subsection.1.1}{\376\377\000-\000a\000l\000g\000e\000b\000r\000a\000s}{section.1}% 2
\BOOKMARK [2][-]{subsection.1.2}{\376\377\000M\000e\000a\000s\000u\000r\000e\000s}{section.1}% 3
\BOOKMARK [2][-]{subsection.1.3}{\376\377\000O\000u\000t\000e\000r\000\040\000M\000e\000a\000s\000u\000r\000e\000s}{section.1}% 4
\BOOKMARK [2][-]{subsection.1.4}{\376\377\000H\000a\000h\000n\000-\000K\000o\000l\000m\000o\000g\000o\000r\000o\000v\000\040\000T\000h\000e\000o\000r\000e\000m}{section.1}% 5
\BOOKMARK [2][-]{subsection.1.5}{\376\377\000B\000o\000r\000e\000l\000\040\000M\000e\000a\000s\000u\000r\000e\000s\000\040\000o\000n\000\040\000R}{section.1}% 6
\BOOKMARK [2][-]{subsection.1.6}{\376\377\000L\000e\000b\000e\000s\000g\000u\000e\000-\000S\000t\000i\000e\000l\000t\000j\000e\000s\000\040\000M\000e\000a\000s\000u\000r\000e\000\040\000o\000n\000\040\000R}{section.1}% 7
\BOOKMARK [3][-]{subsubsection.1.6.1}{\376\377\000C\000a\000n\000t\000o\000r\000\040\000F\000u\000n\000c\000t\000i\000o\000n}{subsection.1.6}% 8
\BOOKMARK [2][-]{subsection.1.7}{\376\377\000R\000e\000g\000u\000l\000a\000r\000i\000t\000y\000\040\000P\000r\000o\000p\000e\000r\000t\000i\000e\000s\000\040\000o\000f\000\040\000L\000e\000b\000e\000s\000g\000u\000e\000-\000S\000t\000i\000e\000l\000t\000j\000e\000s\000\040\000M\000e\000a\000s\000u\000r\000e\000s}{section.1}% 9
\BOOKMARK [1][-]{section.2}{\376\377\000I\000n\000t\000e\000g\000r\000a\000t\000i\000o\000n}{}% 10
\BOOKMARK [2][-]{subsection.2.1}{\376\377\000M\000e\000a\000s\000u\000r\000a\000b\000l\000e\000\040\000F\000u\000n\000c\000t\000i\000o\000n}{section.2}% 11
\BOOKMARK [2][-]{subsection.2.2}{\376\377\000I\000n\000t\000e\000g\000r\000a\000t\000i\000o\000n\000\040\000o\000f\000\040\000N\000o\000n\000n\000e\000g\000a\000t\000i\000v\000e\000\040\000F\000u\000n\000c\000t\000i\000o\000n\000s}{section.2}% 12
\BOOKMARK [2][-]{subsection.2.3}{\376\377\000I\000n\000t\000e\000g\000r\000a\000t\000i\000o\000n\000\040\000o\000f\000\040\000C\000o\000m\000p\000l\000e\000x\000\040\000F\000u\000n\000c\000t\000i\000o\000n\000s}{section.2}% 13
\BOOKMARK [2][-]{subsection.2.4}{\376\377\000L\0001\000\040\000S\000p\000a\000c\000e}{section.2}% 14
\BOOKMARK [3][-]{subsubsection.2.4.1}{\376\377\000D\000e\000n\000s\000e\000\040\000S\000u\000b\000s\000e\000t\000s\000\040\000o\000f\000\040\000L\0001}{subsection.2.4}% 15
\BOOKMARK [2][-]{subsection.2.5}{\376\377\000R\000i\000e\000m\000a\000n\000n\000\040\000I\000n\000t\000e\000g\000r\000a\000b\000i\000l\000i\000t\000y}{section.2}% 16
\BOOKMARK [2][-]{subsection.2.6}{\376\377\000M\000o\000d\000e\000s\000\040\000o\000f\000\040\000C\000o\000n\000v\000e\000r\000g\000e\000n\000c\000e}{section.2}% 17
\BOOKMARK [1][-]{section.3}{\376\377\000P\000r\000o\000d\000u\000c\000t\000\040\000M\000e\000a\000s\000u\000r\000e}{}% 18
\BOOKMARK [2][-]{subsection.3.1}{\376\377\000P\000r\000o\000d\000u\000c\000t\000\040\000-\000a\000l\000g\000e\000b\000r\000a}{section.3}% 19
\BOOKMARK [2][-]{subsection.3.2}{\376\377\000P\000r\000o\000d\000u\000c\000t\000\040\000M\000e\000a\000s\000u\000r\000e\000s}{section.3}% 20
\BOOKMARK [2][-]{subsection.3.3}{\376\377\000M\000o\000n\000o\000t\000o\000n\000e\000\040\000C\000l\000a\000s\000s\000\040\000L\000e\000m\000m\000a}{section.3}% 21
\BOOKMARK [2][-]{subsection.3.4}{\376\377\000F\000u\000b\000i\000n\000i\000-\000T\000o\000n\000e\000l\000l\000i\000\040\000T\000h\000e\000o\000r\000e\000m}{section.3}% 22
\BOOKMARK [2][-]{subsection.3.5}{\376\377\000L\000e\000b\000e\000s\000g\000u\000e\000\040\000M\000e\000a\000s\000u\000r\000e\000\040\000o\000n\000\040\000R\000\040\000d}{section.3}% 23
\BOOKMARK [1][-]{section.4}{\376\377\000D\000i\000f\000f\000e\000r\000e\000n\000t\000i\000a\000t\000i\000o\000n\000\040\000o\000n\000\040\000E\000u\000c\000l\000i\000d\000e\000a\000n\000\040\000S\000p\000a\000c\000e}{}% 24
\BOOKMARK [2][-]{subsection.4.1}{\376\377\000H\000a\000r\000d\000y\000-\000L\000i\000t\000t\000l\000e\000w\000o\000o\000d\000\040\000M\000a\000x\000i\000m\000a\000l\000\040\000F\000u\000n\000c\000t\000i\000o\000n}{section.4}% 25
\BOOKMARK [2][-]{subsection.4.2}{\376\377\000L\000e\000b\000e\000s\000g\000u\000e\000\040\000D\000i\000f\000f\000e\000r\000e\000n\000t\000i\000a\000t\000i\000o\000n\000\040\000T\000h\000e\000o\000r\000e\000m}{section.4}% 26
\BOOKMARK [1][-]{appendix.A}{\376\377\000A\000d\000d\000i\000t\000i\000o\000n\000a\000l\000\040\000P\000r\000o\000o\000f\000s}{}% 27
\BOOKMARK [2][-]{appendix.A.1}{\376\377\000[\000s\000e\000c\000:\000M\000e\000a\000s\000u\000r\000e\000]\000M\000e\000a\000s\000u\000r\000e}{appendix.A}% 28
\BOOKMARK [2][-]{appendix.A.2}{\376\377\000[\000s\000e\000c\000:\000I\000n\000t\000e\000g\000r\000a\000t\000i\000o\000n\000]\000I\000n\000t\000e\000g\000r\000a\000t\000i\000o\000n}{appendix.A}% 29
