\BOOKMARK [0][-]{chapter.1}{\376\377\000B\000a\000n\000a\000c\000h\000\040\000a\000n\000d\000\040\000H\000i\000l\000b\000e\000r\000t\000\040\000S\000p\000a\000c\000e\000s}{}% 1
\BOOKMARK [1][-]{section.1.1}{\376\377\000L\000i\000n\000e\000a\000r\000\040\000S\000p\000a\000c\000e\000s}{chapter.1}% 2
\BOOKMARK [1][-]{section.1.2}{\376\377\000Q\000u\000o\000t\000i\000e\000n\000t\000\040\000S\000p\000a\000c\000e\000s}{chapter.1}% 3
\BOOKMARK [1][-]{section.1.3}{\376\377\000N\000o\000r\000m\000e\000d\000\040\000S\000p\000a\000c\000e\000s}{chapter.1}% 4
\BOOKMARK [1][-]{section.1.4}{\376\377\000B\000a\000n\000a\000c\000h\000\040\000S\000p\000a\000c\000e\000s}{chapter.1}% 5
\BOOKMARK [1][-]{section.1.5}{\376\377\000I\000n\000n\000e\000r\000\040\000P\000r\000o\000d\000u\000c\000t\000\040\000S\000p\000a\000c\000e\000s}{chapter.1}% 6
\BOOKMARK [1][-]{section.1.6}{\376\377\000H\000i\000l\000b\000e\000r\000t\000\040\000S\000p\000a\000c\000e\000s}{chapter.1}% 7
\BOOKMARK [1][-]{section.1.7}{\376\377\000F\000o\000u\000r\000i\000e\000r\000\040\000S\000e\000r\000i\000e\000s}{chapter.1}% 8
\BOOKMARK [0][-]{chapter.2}{\376\377\000B\000o\000u\000n\000d\000e\000d\000\040\000L\000i\000n\000e\000a\000r\000\040\000O\000p\000e\000r\000a\000t\000o\000r\000s}{}% 9
\BOOKMARK [1][-]{section.2.1}{\376\377\000B\000o\000u\000n\000d\000e\000d\000\040\000L\000i\000n\000e\000a\000r\000\040\000F\000u\000n\000c\000t\000i\000o\000n\000a\000l\000s}{chapter.2}% 10
\BOOKMARK [1][-]{section.2.2}{\376\377\000R\000e\000p\000r\000e\000s\000e\000n\000t\000a\000t\000i\000o\000n\000\040\000T\000h\000e\000o\000r\000e\000m\000s}{chapter.2}% 11
\BOOKMARK [1][-]{section.2.3}{\376\377\000H\000a\000h\000n\000-\000B\000a\000n\000a\000c\000h\000\040\000T\000h\000e\000o\000r\000e\000m}{chapter.2}% 12
\BOOKMARK [1][-]{section.2.4}{\376\377\000S\000e\000p\000a\000r\000a\000t\000i\000o\000n\000\040\000o\000f\000\040\000C\000o\000n\000v\000e\000x\000\040\000S\000e\000t\000s}{chapter.2}% 13
\BOOKMARK [1][-]{section.2.5}{\376\377\000B\000o\000u\000n\000d\000e\000d\000\040\000L\000i\000n\000e\000a\000r\000\040\000O\000p\000e\000r\000a\000t\000o\000r\000s}{chapter.2}% 14
\BOOKMARK [0][-]{chapter.3}{\376\377\000M\000a\000i\000n\000\040\000P\000r\000i\000n\000c\000i\000p\000l\000e\000s\000\040\000o\000f\000\040\000F\000u\000n\000c\000t\000i\000o\000n\000a\000l\000\040\000A\000n\000a\000l\000y\000s\000i\000s}{}% 15
\BOOKMARK [1][-]{section.3.1}{\376\377\000O\000p\000e\000n\000\040\000M\000a\000p\000p\000i\000n\000g\000\040\000T\000h\000e\000o\000r\000e\000m}{chapter.3}% 16
\BOOKMARK [1][-]{section.3.2}{\376\377\000C\000l\000o\000s\000e\000d\000\040\000G\000r\000a\000p\000h\000\040\000T\000h\000e\000o\000r\000e\000m}{chapter.3}% 17
\BOOKMARK [1][-]{section.3.3}{\376\377\000P\000r\000i\000n\000c\000i\000p\000l\000e\000\040\000o\000f\000\040\000U\000n\000i\000f\000o\000r\000m\000\040\000B\000o\000u\000n\000d\000e\000d\000n\000e\000s\000s}{chapter.3}% 18
\BOOKMARK [1][-]{section.3.4}{\376\377\000C\000o\000m\000p\000a\000c\000t\000\040\000S\000e\000t\000s\000\040\000i\000n\000\040\000B\000a\000n\000a\000c\000h\000\040\000S\000p\000a\000c\000e\000s}{chapter.3}% 19
\BOOKMARK [1][-]{section.3.5}{\376\377\000W\000e\000a\000k\000\040\000T\000o\000p\000o\000l\000o\000g\000y}{chapter.3}% 20
\BOOKMARK [1][-]{section.3.6}{\376\377\000W\000e\000a\000k\000*\000\040\000T\000o\000p\000o\000l\000o\000g\000y}{chapter.3}% 21
\BOOKMARK [0][-]{chapter.4}{\376\377\000C\000o\000m\000p\000a\000c\000t\000\040\000O\000p\000e\000r\000a\000t\000o\000r\000s\000\040\000a\000n\000d\000\040\000S\000p\000e\000c\000t\000r\000a\000l\000\040\000T\000h\000e\000o\000r\000y}{}% 22
\BOOKMARK [1][-]{section.4.1}{\376\377\000C\000o\000m\000p\000a\000c\000t\000\040\000O\000p\000e\000r\000a\000t\000o\000r\000s}{chapter.4}% 23
\BOOKMARK [1][-]{section.4.2}{\376\377\000F\000r\000e\000d\000h\000o\000l\000m\000\040\000T\000h\000e\000o\000r\000y}{chapter.4}% 24
\BOOKMARK [1][-]{section.4.3}{\376\377\000S\000p\000e\000c\000t\000r\000u\000m\000\040\000o\000f\000\040\000B\000o\000u\000n\000d\000e\000d\000\040\000L\000i\000n\000e\000a\000r\0