INFO:  latexindent version 3.15, 2022-01-21, a script to indent .tex files
       latexindent lives here: /usr/local/texlive/2021/texmf-dist/scripts/latexindent/
       Wed Mar 23 11:34:53 2022
       Filename: /Users/pbb/University/UM/Else/Notes/MATH592-Introduction_to_Algebraic_Topology/Lectures/__latexindent_temp.tex
INFO:  Processing switches:
       -y|--yaml: YAML settings specified via command line
       -c|--cruft: cruft directory
INFO:  Directory for backup files and /Users/pbb/University/UM/Else/Notes/MATH592-Introduction_to_Algebraic_Topology//indent.log: /Users/pbb/University/UM/Else/Notes/MATH592-Introduction_to_Algebraic_Topology/
INFO:  YAML settings read: defaultSettings.yaml
       Reading defaultSettings.yaml from /usr/local/texlive/2021/texmf-dist/scripts/latexindent/defaultSettings.yaml
INFO:  YAML settings read: indentconfig.yaml or .indentconfig.yaml
       Home directory is /Users/pbb (didn't find either indentconfig.yaml or .indentconfig.yaml)
       To specify user settings you would put indentconfig.yaml here: /Users/pbb/indentconfig.yaml
       Alternatively, you can use the hidden file .indentconfig.yaml as: /Users/pbb/.indentconfig.yaml
INFO:  YAML settings read: -y switch
       YAML setting: defaultIndent:'\t'
       single-quoted string found in -y switch: '\t', substitute to 	
       Updating mainSettings with defaultIndent: 	
INFO:  Phase 1: searching for objects
INFO:  Phase 2: finding surrounding indentation
INFO:  Phase 3: indenting objects
INFO:  Phase 4: final indentation check
INFO:  Output routine:
       Not outputting to file; see -w and -o switches for more options.
       --------------
INFO:  Please direct all communication/issues to:
        https://github.com/cmhughes/latexindent.pl
