\BOOKMARK [1][-]{section.1}{\376\377\000F\000o\000u\000n\000d\000a\000t\000i\000o\000n\000\040\000o\000f\000\040\000A\000l\000g\000e\000b\000r\000a\000i\000c\000\040\000T\000o\000p\000o\000l\000o\000g\000y}{}% 1
\BOOKMARK [2][-]{subsection.1.1}{\376\377\000H\000o\000m\000o\000t\000o\000p\000y}{section.1}% 2
\BOOKMARK [2][-]{subsection.1.2}{\376\377\000H\000o\000m\000o\000t\000o\000p\000y\000\040\000E\000q\000u\000i\000v\000a\000l\000e\000n\000c\000e}{section.1}% 3
\BOOKMARK [2][-]{subsection.1.3}{\376\377\000C\000W\000\040\000C\000o\000m\000p\000l\000e\000x\000e\000s}{section.1}% 4
\BOOKMARK [2][-]{subsection.1.4}{\376\377\000O\000p\000e\000r\000a\000t\000i\000o\000n\000s\000\040\000o\000n\000\040\000C\000W\000\040\000C\000o\000m\000p\000l\000e\000x\000e\000s}{section.1}% 5
\BOOKMARK [3][-]{subsubsection.1.4.1}{\376\377\000P\000r\000o\000d\000u\000c\000t\000s}{subsection.1.4}% 6
\BOOKMARK [3][-]{subsubsection.1.4.2}{\376\377\000W\000e\000d\000g\000e\000\040\000S\000u\000m}{subsection.1.4}% 7
\BOOKMARK [3][-]{subsubsection.1.4.3}{\376\377\000Q\000u\000o\000t\000i\000e\000n\000t\000s}{subsection.1.4}% 8
\BOOKMARK [2][-]{subsection.1.5}{\376\377\000C\000a\000t\000e\000g\000o\000r\000y\000\040\000T\000h\000e\000o\000r\000y}{section.1}% 9
\BOOKMARK [3][-]{subsubsection.1.5.1}{\376\377\000F\000u\000n\000c\000t\000o\000r}{subsection.1.5}% 10
\BOOKMARK [2][-]{subsection.1.6}{\376\377\000F\000r\000e\000e\000\040\000G\000r\000o\000u\000p\000s}{section.1}% 11
\BOOKMARK [3][-]{subsubsection.1.6.1}{\376\377\000C\000o\000n\000s\000t\000r\000u\000c\000t\000i\000n\000g\000\040\000t\000h\000e\000\040\000F\000r\000e\000e\000\040\000G\000r\000o\000u\000p\000s\000\040\000F\000S}{subsection.1.6}% 12
\BOOKMARK [1][-]{section.2}{\376\377\000T\000h\000e\000\040\000F\000u\000n\000d\000a\000m\000e\000n\000t\000a\000l\000\040\000G\000r\000o\000u\000p}{}% 13
\BOOKMARK [2][-]{subsection.2.1}{\376\377\000P\000a\000t\000h}{section.2}% 14
\BOOKMARK [2][-]{subsection.2.2}{\376\377\000F\000u\000n\000d\000a\000m\000e\000n\000t\000a\000l\000\040\000G\000r\000o\000u\000p\000\040\000a\000n\000d\000\040\000G\000r\000o\000u\000p\000o\000i\000d}{section.2}% 15
\BOOKMARK [3][-]{subsubsection.2.2.1}{\376\377\000F\000u\000n\000d\000a\000m\000e\000n\000t\000a\000l\000\040\000G\000r\000o\000u\000p}{subsection.2.2}% 16
\BOOKMARK [3][-]{subsubsection.2.2.2}{\376\377\000F\000u\000n\000d\000a\000m\000e\000n\000t\000a\000l\000\040\000G\000r\000o\000u\000p\000o\000i\000d}{subsection.2.2}% 17
\BOOKMARK [2][-]{subsection.2.3}{\376\377\000C\000a\000l\000c\000u\000l\000a\000t\000i\000o\000n\000s\000\040\000w\000i\000t\000h\000\040\0001\000\050\000S\000n\000\051}{section.2}% 18
\BOOKMARK [2][-]{subsection.2.4}{\376\377\000F\000u\000n\000d\000a\000m\000e\000n\000t\000a\000l\000\040\000G\000r\000o\000u\000p\000\040\000a\000n\000d\000\040\000G\000r\000o\000u\000p\000o\000i\000d\000\040\000D\000e\000f\000i\000n\000e\000\040\000F\000u\000n\000c\000t\000o\000r\000s}{section.2}% 19
\BOOKMARK [2][-]{subsection.2.5}{\376\377\000F\000r\000e\000e\000\040\000P\000r\000o\000d\000u\000c\000t}{section.2}% 20
\BOOKMARK [3][-]{subsubsection.2.5.1}{\376\377\000F\000r\000e\000e\000\040\000P\000r\000o\000d\000u\000c\000t}{subsection.2.5}% 21
\BOOKMARK [3][-]{subsubsection.2.5.2}{\376\377\000F\000r\000e\000e\000\040\000P\000r\000o\000d\000u\000c\000t\000\040\000w\000i\000t\000h\000\040\000A\000m\000a\000l\000g\000a\000m\000a\000t\000i\000o\000n}{subsection.2.5}% 22
\BOOKMARK [2][-]{subsection.2.6}{\376\377\000S\000e\000i\000f\000e\000r\000t\000-\000V\000a\000n\000\040\000K\000a\000m\000p\000e\000n\000\040\000T\000h\000e\000o\000r\000e\000m}{section.2}% 23
\BOOKMARK [2][-]{subsection.2.7}{\376\377\000G\000r\000o\000u\000p\000\040\000P\000r\000e\000s\000e\000n\000t\000a\000t\000i\000o\000n}{section.2}% 24
\BOOKMARK [3][-]{subsubsection.2.7.1}{\376\377\000P\000r\000e\000s\000e\000n\000t\000a\000t\000i\000o\000n\000s\000\040\000f\000o\000r\000\040\0001\000\040\000o\000f\000\040\000C\000W\000\040\000C\000o\000m\000p\000l\000e\000x\000e\000s}{subsection.2.7}% 25
\BOOKMARK [2][-]{subsection.2.8}{\376\377