This is pdfTeX, Version 3.141592653-2.6-1.40.24 (TeX Live 2022) (preloaded format=pdflatex 2023.1.23)  7 FEB 2023 00:00
entering extended mode
 restricted \write18 enabled.
 file:line:error style messages enabled.
 %&-line parsing enabled.
**/Users/pbb/University/Notes/MATH635-Riemannian-Geometry/master.tex
(/Users/pbb/University/Notes/MATH635-Riemannian-Geometry/master.tex
LaTeX2e <2022-11-01> patch level 1
L3 programming layer <2023-01-16> (/usr/local/texlive/2022/texmf-dist/tex/latex/base/report.cls
Document Class: report 2022/07/02 v1.4n Standard LaTeX document class
(/usr/local/texlive/2022/texmf-dist/tex/latex/base/size10.clo
File: size10.clo 2022/07/02 v1.4n Standard LaTeX file (size option)
)
\c@part=\count185
\c@chapter=\count186
\c@section=\count187
\c@subsection=\count188
\c@subsubsection=\count189
\c@paragraph=\count190
\c@subparagraph=\count191
\c@figure=\count192
\c@table=\count193
\abovecaptionskip=\skip48
\belowcaptionskip=\skip49
\bibindent=\dimen140
) (/Users/pbb/Developer/LaTeX-Template/Note/header.tex (/usr/local/texlive/2022/texmf-dist/tex/latex/base/inputenc.sty
Package: inputenc 2021/02/14 v1.3d Input encoding file
\inpenc@prehook=\toks16
\inpenc@posthook=\toks17
) (/usr/local/texlive/2022/texmf-dist/tex/latex/base/fontenc.sty
Package: fontenc 2021/04/29 v2.0v Standard LaTeX package
) (/usr/local/texlive/2022/texmf-dist/tex/latex/base/textcomp.sty
Package: textcomp 2020/02/02 v2.0n Standard LaTeX package
) (/usr/local/texlive/2022/texmf-dist/tex/latex/url/url.sty
\Urlmuskip=\muskip16
Package: url 2013/09/16  ver 3.4  Verb mode for urls, etc.
) (/usr/local/texlive/2022/texmf-dist/tex/latex/biblatex/biblatex.sty
Package: biblatex 2022/07/12 v3.18b programmable bibliographies (PK/MW)
 (/usr/local/texlive/2022/texmf-dist/tex/generic/pdftexcmds/pdftexcmds.sty
Package: pdftexcmds 2020-06-27 v0.33 Utility functions of pdfTeX for LuaTeX (HO)
 (/usr/local/texlive/2022/texmf-dist/tex/generic/infwarerr/infwarerr.sty
Package: infwarerr 2019/12/03 v1.5 Providing info/warning/error messages (HO)
) (/usr/local/texlive/2022/texmf-dist/tex/generic/iftex/iftex.sty
Package: iftex 2022/02/03 v1.0f TeX engine tests
) (/usr/local/texlive/2022/texmf-dist/tex/generic/ltxcmds/ltxcmds.sty
Package: ltxcmds 2020-05-10 v1.25 LaTeX kernel commands for general use (HO)
)
Package pdftexcmds Info: \pdf@primitive is available.
Package pdftexcmds Info: \pdf@ifprimitive is available.
Package pdftexcmds Info: \pdfdraftmode found.
) (/usr/local/texlive/2022/texmf-dist/tex/latex/etoolbox/etoolbox.sty
Package: etoolbox 2020/10/05 v2.5k e-TeX tools for LaTeX (JAW)
\etb@tempcnta=\count194
) (/usr/local/texlive/2022/texmf-dist/tex/latex/graphics/keyval.sty
Package: keyval 2022/05/29 v1.15 key=value parser (DPC)
\KV@toks@=\toks18
) (/usr/local/texlive/2022/texmf-dist/tex/latex/kvoptions/kvoptions.sty
Package: kvoptions 2022-06-15 v3.15 Key value format for package options (HO)
 (/usr/local/texlive/2022/texmf-dist/tex/latex/kvsetkeys/kvsetkeys.sty
Package: kvsetkeys 2022-10-05 v1.19 Key value parser (HO)
)) (/usr/local/texlive/2022/texmf-dist/tex/latex/logreq/logreq.sty
Package: logreq 2010/08/04 v1.0 xml request logger
\lrq@indent=\count195
 (/usr/local/texlive/2022/texmf-dist/tex/latex/logreq/logreq.def
File: logreq.def 2010/08/04 v1.0 logreq spec v1.0
)) (/usr/local/texlive/2022/texmf-dist/tex/latex/base/ifthen.sty
Package: ifthen 2022/04/13 v1.1d Standard LaTeX ifthen package (DPC)
)
\c@tabx@nest=\count196
\c@listtotal=\count197
\c@listcount=\count198
\c@liststart=\count199
\c@liststop=\count266
\c@citecount=\count267
\c@citetotal=\count268
\c@multicitecount=\count269
\c@multicitetotal=\count270
\c@instcount=\count271
\c@maxnames=\count272
\c@minnames=\count273
\c@maxitems=\count274
\c@minitems=\count275
\c@citecounter=\count276
\c@maxcitecounter=\count277
\c@savedcitecounter=\count278
\c@uniquelist=\count279
\c@uniquename=\count280
\c@refsection=\count281
\c@refsegment=\count282
\c@maxextratitle=\count283
\c@maxextratitleyear=\count284
\c@maxextraname=\count285
\c@maxextradate=\count286
\c@maxextraalpha=\count287
\c@abbrvpenalty=\count288
\c@highnamepenalty=\count289
\c@lownamepenalty=\count290
\c@maxparens=\count291
\c@parenlevel=\count292
\blx@tempcnta=\count293
\blx@tempcntb=\count294
\blx@tempcntc=\count295
\c@blx@maxsection=\count296
\blx@maxsegment@0=\count297
\blx@notetype=\count298
\blx@parenlevel@text=\count299
\blx@parenlevel@foot=\count300
\blx@sectionciteorder@0=\count301
\blx@sectionciteorderinternal@0=\count302
\blx@entrysetcounter=\count303
\blx@biblioinstance=\count304
\labelnumberwidth=\skip50
\labelalphawidth=\skip51
\biblabelsep=\skip52
\bibitemsep=\skip53
\bibnamesep=\skip54
\bibinitsep=\skip55
\bibparsep=\skip56
\bibhang=\skip57
\blx@bcfin=\read2
\blx@bcfout=\write3
\blx@langwohyphens=\language87
\c@mincomprange=\count305
\c@maxcomprange=\count306
\c@mincompwidth=\count307
Package biblatex Info: Trying to load biblatex default data model...
Package biblatex Info: ... file 'blx-dm.def' found.
 (/usr/local/texlive/2022/texmf-dist/tex/latex/biblatex/blx-dm.def
File: blx-dm.def 2022/07/12 v3.18b biblatex localization (PK/MW)
)
Package biblatex Info: Trying to load biblatex style data model...
Package biblatex Info: ... file 'alphabetic.dbx' not found.
Package biblatex Info: Trying to load biblatex custom data model...
Package biblatex Info: ... file 'biblatex-dm.cfg' not found.
\c@afterword=\count308
\c@savedafterword=\count309
\c@annotator=\count310
\c@savedannotator=\count311
\c@author=\count312
\c@savedauthor=\count313
\c@bookauthor=\count314
\c@savedbookauthor=\count315
\c@commentator=\count316
\c@savedcommentator=\count317
\c@editor=\count318
\c@savededitor=\count319
\c@editora=\count320
\c@savededitora=\count321
\c@editorb=\count322
\c@savededitorb=\count323
\c@editorc=\count324
\c@savededitorc=\count325
\c@foreword=\count326
\c@savedforeword=\count327
\c@holder=\count328
\c@savedholder=\count329
\c@introduction=\count330
\c@savedintroduction=\count331
\c@namea=\count332
\c@savednamea=\count333
\c@nameb=\count334
\c@savednameb=\count335
\c@namec=\count336
\c@savednamec=\count337
\c@translator=\count338
\c@savedtranslator=\count339
\c@shortauthor=\count340
\c@savedshortauthor=\count341
\c@shorteditor=\count342
\c@savedshorteditor=\count343
\c@labelname=\count344
\c@savedlabelname=\count345
\c@institution=\count346
\c@savedinstitution=\count347
\c@lista=\count348
\c@savedlista=\count349
\c@listb=\count350
\c@savedlistb=\count351
\c@listc=\count352
\c@savedlistc=\count353
\c@listd=\count354
\c@savedlistd=\count355
\c@liste=\count356
\c@savedliste=\count357
\c@listf=\count358
\c@savedlistf=\count359
\c@location=\count360
\c@savedlocation=\count361
\c@organization=\count362
\c@savedorganization=\count363
\c@origlocation=\count364
\c@savedoriglocation=\count365
\c@origpublisher=\count366
\c@savedorigpublisher=\count367
\c@publisher=\count368
\c@savedpublisher=\count369
\c@language=\count370
\c@savedlanguage=\count371
\c@origlanguage=\count372
\c@savedoriglanguage=\count373
\c@pageref=\count374
\c@savedpageref=\count375
\shorthandwidth=\skip58
\shortjournalwidth=\skip59
\shortserieswidth=\skip60
\shorttitlewidth=\skip61
\shortauthorwidth=\skip62
\shorteditorwidth=\skip63
\locallabelnumberwidth=\skip64
\locallabelalphawidth=\skip65
\localshorthandwidth=\skip66
\localshortjournalwidth=\skip67
\localshortserieswidth=\skip68
\localshorttitlewidth=\skip69
\localshortauthorwidth=\skip70
\localshorteditorwidth=\skip71
Package biblatex Info: Trying to load compatibility code...
Package biblatex Info: ... file 'blx-compat.def' found.
 (/usr/local/texlive/2022/texmf-dist/tex/latex/biblatex/blx-compat.def
File: blx-compat.def 2022/07/12 v3.18b biblatex compatibility (PK/MW)
)
Package biblatex Info: Trying to load generic definitions...
Package biblatex Info: ... file 'biblatex.def' found.
 (/usr/local/texlive/2022/texmf-dist/tex/latex/biblatex/biblatex.def
File: biblatex.def 2022/07/12 v3.18b biblatex compatibility (PK/MW)
\c@textcitecount=\count376
\c@textcitetotal=\count377
\c@textcitemaxnames=\count378
\c@biburlbigbreakpenalty=\count379
\c@biburlbreakpenalty=\count380
\c@biburlnumpenalty=\count381
\c@biburlucpenalty=\count382
\c@biburllcpenalty=\count383
\biburlbigskip=\muskip17
\biburlnumskip=\muskip18
\biburlucskip=\muskip19
\biburllcskip=\muskip20
\c@smartand=\count384
)
Package biblatex Info: Trying to load bibliography style 'alphabetic'...
Package biblatex Info: ... file 'alphabetic.bbx' found.
 (/usr/local/texlive/2022/texmf-dist/tex/latex/biblatex/bbx/alphabetic.bbx
File: alphabetic.bbx 2022/07/12 v3.18b biblatex bibliography style (PK/MW)
Package biblatex Info: Trying to load bibliography style 'standard'...
Package biblatex Info: ... file 'standard.bbx' found.
 (/usr/local/texlive/2022/texmf-dist/tex/latex/biblatex/bbx/standard.bbx
File: standard.bbx 2022/07/12 v3.18b biblatex bibliography style (PK/MW)
\c@bbx:relatedcount=\count385
\c@bbx:relatedtotal=\count386
))
Package biblatex Info: Trying to load citation style 'alphabetic'...
Package biblatex Info: ... file 'alphabetic.cbx' found.
 (/usr/local/texlive/2022/texmf-dist/tex/latex/biblatex/cbx/alphabetic.cbx
File: alphabetic.cbx 2022/07/12 v3.18b biblatex citation style (PK/MW)
Package biblatex Info: Redefining '\cite'.
Package biblatex Info: Redefining '\parencite'.
Package biblatex Info: Redefining '\footcite'.
Package biblatex Info: Redefining '\footcitetext'.
Package biblatex Info: Redefining '\smartcite'.
Package biblatex Info: Redefining '\textcite'.
Package biblatex Info: Redefining '\textcites'.
Package biblatex Info: Redefining '\cites'.
Package biblatex Info: Redefining '\parencites'.
Package biblatex Info: Redefining '\smartcites'.
)
Package biblatex Info: Trying to load configuration file...
Package biblatex Info: ... file 'biblatex.cfg' found.
 (/usr/local/texlive/2022/texmf-dist/tex/latex/biblatex/biblatex.cfg
File: biblatex.cfg 
)
Package biblatex Info: Input encoding 'utf8' detected.
Package biblatex Info: Document encoding is UTF8 ....
 (/usr/local/texlive/2022/texmf-dist/tex/latex/l3kernel/expl3.sty
Package: expl3 2023-01-16 L3 programming layer (loader) 
 (/usr/local/texlive/2022/texmf-dist/tex/latex/l3backend/l3backend-pdftex.def
File: l3backend-pdftex.def 2023-01-16 L3 backend support: PDF output (pdfTeX)
\l__color_backend_stack_int=\count387
\l__pdf_internal_box=\box51
))
Package biblatex Info: ... and expl3
(biblatex)             2023-01-16 L3 programming layer (loader) 
(biblatex)             is new enough (at least 2020/04/06),
(biblatex)             setting 'casechanger=expl3'.
 (/usr/local/texlive/2022/texmf-dist/tex/latex/biblatex/blx-case-expl3.sty (/usr/local/texlive/2022/texmf-dist/tex/latex/l3packages/xparse/xparse.sty
Package: xparse 2023-01-16 L3 Experimental document command parser
)
Package: blx-case-expl3 2022/07/12 v3.18b expl3 case changing code for biblatex
)) (/usr/local/texlive/2022/texmf-dist/tex/latex/hyperref/hyperref.sty
Package: hyperref 2022-11-13 v7.00u Hypertext links for LaTeX
 (/usr/local/texlive/2022/texmf-dist/tex/generic/kvdefinekeys/kvdefinekeys.sty
Package: kvdefinekeys 2019-12-19 v1.6 Define keys (HO)
) (/usr/local/texlive/2022/texmf-dist/tex/generic/pdfescape/pdfescape.sty
Package: pdfescape 2019/12/09 v1.15 Implements pdfTeX's escape features (HO)
) (/usr/local/texlive/2022/texmf-dist/tex/latex/hycolor/hycolor.sty
Package: hycolor 2020-01-27 v1.10 Color options for hyperref/bookmark (HO)
) (/usr/local/texlive/2022/texmf-dist/tex/latex/letltxmacro/letltxmacro.sty
Package: letltxmacro 2019/12/03 v1.6 Let assignment for LaTeX macros (HO)
) (/usr/local/texlive/2022/texmf-dist/tex/latex/auxhook/auxhook.sty
Package: auxhook 2019-12-17 v1.6 Hooks for auxiliary files (HO)
) (/usr/local/texlive/2022/texmf-dist/tex/latex/hyperref/nameref.sty
Package: nameref 2022-05-17 v2.50 Cross-referencing by name of section
 (/usr/local/texlive/2022/texmf-dist/tex/latex/refcount/refcount.sty
Package: refcount 2019/12/15 v3.6 Data extraction from label references (HO)
) (/usr/local/texlive/2022/texmf-dist/tex/generic/gettitlestring/gettitlestring.sty
Package: gettitlestring 2019/12/15 v1.6 Cleanup title references (HO)
)
\c@section@level=\count388
)
\@linkdim=\dimen141
\Hy@linkcounter=\count389
\Hy@pagecounter=\count390
 (/usr/local/texlive/2022/texmf-dist/tex/latex/hyperref/pd1enc.def
File: pd1enc.def 2022-11-13 v7.00u Hyperref: PDFDocEncoding definition (HO)
Now handling font encoding PD1 ...
... no UTF-8 mapping file for font encoding PD1
) (/usr/local/texlive/2022/texmf-dist/tex/generic/intcalc/intcalc.sty
Package: intcalc 2019/12/15 v1.3 Expandable calculations with integers (HO)
) (/usr/local/texlive/2022/texmf-dist/tex/generic/etexcmds/etexcmds.sty
Package: etexcmds 2019/12/15 v1.7 Avoid name clashes with e-TeX commands (HO)
)
\Hy@SavedSpaceFactor=\count391
 (/usr/local/texlive/2022/texmf-dist/tex/latex/hyperref/puenc.def
File: puenc.def 2022-11-13 v7.00u Hyperref: PDF Unicode definition (HO)
Now handling font encoding PU ...
... no UTF-8 mapping file for font encoding PU
)
Package hyperref Info: Option `colorlinks' set `true' on input line 4045.
Package hyperref Info: Hyper figures OFF on input line 4162.
Package hyperref Info: Link nesting OFF on input line 4167.
Package hyperref Info: Hyper index ON on input line 4170.
Package hyperref Info: Plain pages OFF on input line 4177.
Package hyperref Info: Backreferencing OFF on input line 4182.
Package hyperref Info: Implicit mode ON; LaTeX internals redefined.
Package hyperref Info: Bookmarks ON on input line 4410.
\c@Hy@tempcnt=\count392
LaTeX Info: Redefining \url on input line 4748.
\XeTeXLinkMargin=\dimen142
 (/usr/local/texlive/2022/texmf-dist/tex/generic/bitset/bitset.sty
Package: bitset 2019/12/09 v1.3 Handle bit-vector datatype (HO)
 (/usr/local/texlive/2022/texmf-dist/tex/generic/bigintcalc/bigintcalc.sty
Package: bigintcalc 2019/12/15 v1.5 Expandable calculations on big integers (HO)
))
\Fld@menulength=\count393
\Field@Width=\dimen143
\Fld@charsize=\dimen144
Package hyperref Info: Hyper figures OFF on input line 6027.
Package hyperref Info: Link nesting OFF on input line 6032.
Package hyperref Info: Hyper index ON on input line 6035.
Package hyperref Info: backreferencing OFF on input line 6042.
Package hyperref Info: Link coloring ON on input line 6045.
Package hyperref Info: Link coloring with OCG OFF on input line 6052.
Package hyperref Info: PDF/A mode OFF on input line 6057.
 (/usr/local/texlive/2022/texmf-dist/tex/latex/base/atbegshi-ltx.sty
Package: atbegshi-ltx 2021/01/10 v1.0c Emulation of the original atbegshi
package with kernel methods
)
\Hy@abspage=\count394
\c@Item=\count395
\c@Hfootnote=\count396
)
Package hyperref Info: Driver (autodetected): hpdftex.
 (/usr/local/texlive/2022/texmf-dist/tex/latex/hyperref/hpdftex.def
File: hpdftex.def 2022-11-13 v7.00u Hyperref driver for pdfTeX
 (/usr/local/texlive/2022/texmf-dist/tex/latex/base/atveryend-ltx.sty
Package: atveryend-ltx 2020/08/19 v1.0a Emulation of the original atveryend package
with kernel methods
)
\Fld@listcount=\count397
\c@bookmark@seq@number=\count398
 (/usr/local/texlive/2022/texmf-dist/tex/latex/rerunfilecheck/rerunfilecheck.sty
Package: rerunfilecheck 2022-07-10 v1.10 Rerun checks for auxiliary files (HO)
 (/usr/local/texlive/2022/texmf-dist/tex/generic/uniquecounter/uniquecounter.sty
Package: uniquecounter 2019/12/15 v1.4 Provide unlimited unique counter (HO)
)
Package uniquecounter Info: New unique counter `rerunfilecheck' on input line 285.
)
\Hy@SectionHShift=\skip72
) (/usr/local/texlive/2022/texmf-dist/tex/latex/graphics/graphicx.sty
Package: graphicx 2021/09/16 v1.2d Enhanced LaTeX Graphics (DPC,SPQR)
 (/usr/local/texlive/2022/texmf-dist/tex/latex/graphics/graphics.sty
Package: graphics 2022/03/10 v1.4e Standard LaTeX Graphics (DPC,SPQR)
 (/usr/local/texlive/2022/texmf-dist/tex/latex/graphics/trig.sty
Package: trig 2021/08/11 v1.11 sin cos tan (DPC)
) (/usr/local/texlive/2022/texmf-dist/tex/latex/graphics-cfg/graphics.cfg
File: graphics.cfg 2016/06/04 v1.11 sample graphics configuration
)
Package graphics Info: Driver file: pdftex.def on input line 107.
 (/usr/local/texlive/2022/texmf-dist/tex/latex/graphics-def/pdftex.def
File: pdftex.def 2022/09/22 v1.2b Graphics/color driver for pdftex
))
\Gin@req@height=\dimen145
\Gin@req@width=\dimen146
) (/usr/local/texlive/2022/texmf-dist/tex/latex/float/float.sty
Package: float 2001/11/08 v1.3d Float enhancements (AL)
\c@float@type=\count399
\float@exts=\toks19
\float@box=\box52
\@float@everytoks=\toks20
\@floatcapt=\box53
) (/usr/local/texlive/2022/texmf-dist/tex/latex/booktabs/booktabs.sty
Package: booktabs 2020/01/12 v1.61803398 Publication quality tables
\heavyrulewidth=\dimen147
\lightrulewidth=\dimen148
\cmidrulewidth=\dimen149
\belowrulesep=\dimen150
\belowbottomsep=\dimen151
\aboverulesep=\dimen152
\abovetopsep=\dimen153
\cmidrulesep=\dimen154
\cmidrulekern=\dimen155
\defaultaddspace=\dimen156
\@cmidla=\count400
\@cmidlb=\count401
\@aboverulesep=\dimen157
\@belowrulesep=\dimen158
\@thisruleclass=\count402
\@lastruleclass=\count403
\@thisrulewidth=\dimen159
) (/usr/local/texlive/2022/texmf-dist/tex/latex/enumitem/enumitem.sty
Package: enumitem 2019/06/20 v3.9 Customized lists
\labelindent=\skip73
\enit@outerparindent=\dimen160
\enit@toks=\toks21
\enit@inbox=\box54
\enit@count@id=\count404
\enitdp@description=\count405
) (/usr/local/texlive/2022/texmf-dist/tex/latex/emptypage/emptypage.sty
Package: emptypage 2010/05/30 v1.2 Suppress page numbers and headings on empty pages
) (/usr/local/texlive/2022/texmf-dist/tex/latex/caption/subcaption.sty
Package: subcaption 2022/01/07 v1.5 Sub-captions (AR)
 (/usr/local/texlive/2022/texmf-dist/tex/latex/caption/caption.sty
Package: caption 2022/03/01 v3.6b Customizing captions (AR)
 (/usr/local/texlive/2022/texmf-dist/tex/latex/caption/caption3.sty
Package: caption3 2022/03/17 v2.3b caption3 kernel (AR)
\caption@tempdima=\dimen161
\captionmargin=\dimen162
\caption@leftmargin=\dimen163
\caption@rightmargin=\dimen164
\caption@width=\dimen165
\caption@indent=\dimen166
\caption@parindent=\dimen167
\caption@hangindent=\dimen168
Package caption Info: Standard document class detected.
)
\c@caption@flags=\count406
\c@continuedfloat=\count407
Package caption Info: float package is loaded.
Package caption Info: hyperref package is loaded.
)
\c@subfigure=\count408
\c@subtable=\count409
) (/usr/local/texlive/2022/texmf-dist/tex/latex/tools/multicol.sty
Package: multicol 2021/11/30 v1.9d multicolumn formatting (FMi)
\c@tracingmulticols=\count410
\mult@box=\box55
\multicol@leftmargin=\dimen169
\c@unbalance=\count411
\c@collectmore=\count412
\doublecol@number=\count413
\multicoltolerance=\count414
\multicolpretolerance=\count415
\full@width=\dimen170
\page@free=\dimen171
\premulticols=\dimen172
\postmulticols=\dimen173
\multicolsep=\skip74
\multicolbaselineskip=\skip75
\partial@page=\box56
\last@line=\box57
\maxbalancingoverflow=\dimen174
\mult@rightbox=\box58
\mult@grightbox=\box59
\mult@firstbox=\box60
\mult@gfirstbox=\box61
\@tempa=\box62
\@tempa=\box63
\@tempa=\box64
\@tempa=\box65
\@tempa=\box66
\@tempa=\box67
\@tempa=\box68
\@tempa=\box69
\@tempa=\box70
\@tempa=\box71
\@tempa=\box72
\@tempa=\box73
\@tempa=\box74
\@tempa=\box75
\@tempa=\box76
\@tempa=\box77
\@tempa=\box78
\@tempa=\box79
\@tempa=\box80
\@tempa=\box81
\@tempa=\box82
\@tempa=\box83
\@tempa=\box84
\@tempa=\box85
\@tempa=\box86
\@tempa=\box87
\@tempa=\box88
\@tempa=\box89
\@tempa=\box90
\@tempa=\box91
\@tempa=\box92
\@tempa=\box93
\@tempa=\box94
\@tempa=\box95
\@tempa=\box96
\@tempa=\box97
\c@minrows=\count416
\c@columnbadness=\count417
\c@finalcolumnbadness=\count418
\last@try=\dimen175
\multicolovershoot=\dimen176
\multicolundershoot=\dimen177
\mult@nat@firstbox=\box98
\colbreak@box=\box99
\mc@col@check@num=\count419
) (/usr/local/texlive/2022/texmf-dist/tex/latex/xcolor/xcolor.sty
Package: xcolor 2022/06/12 v2.14 LaTeX color extensions (UK)
 (/usr/local/texlive/2022/texmf-dist/tex/latex/graphics-cfg/color.cfg
File: color.cfg 2016/01/02 v1.6 sample color configuration
)
Package xcolor Info: Package option `usenames' ignored on input line 218.
Package xcolor Info: Driver file: pdftex.def on input line 227.
 (/usr/local/texlive/2022/texmf-dist/tex/latex/graphics/mathcolor.ltx)
Package xcolor Info: Model `cmy' substituted by `cmy0' on input line 1353.
Package xcolor Info: Model `hsb' substituted by `rgb' on input line 1357.
Package xcolor Info: Model `RGB' extended on input line 1369.
Package xcolor Info: Model `HTML' substituted by `rgb' on input line 1371.
Package xcolor Info: Model `Hsb' substituted by `hsb' on input line 1372.
Package xcolor Info: Model `tHsb' substituted by `hsb' on input line 1373.
Package xcolor Info: Model `HSB' substituted by `hsb' on input line 1374.
Package xcolor Info: Model `Gray' substituted by `gray' on input line 1375.
Package xcolor Info: Model `wave' substituted by `hsb' on input line 1376.
 (/usr/local/texlive/2022/texmf-dist/tex/latex/graphics/dvipsnam.def
File: dvipsnam.def 2016/06/17 v3.0m Driver-dependent file (DPC,SPQR)
)) (/Users/pbb/Developer/LaTeX-Template/Math.tex (/usr/local/texlive/2022/texmf-dist/tex/latex/tikz-cd/tikz-cd.sty
Package: tikz-cd 2021/05/04 v1.0 Commutative diagrams with TikZ
 (/usr/local/texlive/2022/texmf-dist/tex/latex/pgf/frontendlayer/tikz.sty (/usr/local/texlive/2022/texmf-dist/tex/latex/pgf/basiclayer/pgf.sty (/usr/local/texlive/2022/texmf-dist/tex/latex/pgf/utilities/pgfrcs.sty (/usr/local/texlive/2022/texmf-dist/tex/generic/pgf/utilities/pgfutil-common.tex
\pgfutil@everybye=\toks22
\pgfutil@tempdima=\dimen178
\pgfutil@tempdimb=\dimen179
) (/usr/local/texlive/2022/texmf-dist/tex/generic/pgf/utilities/pgfutil-latex.def
\pgfutil@abb=\box100
) (/usr/local/texlive/2022/texmf-dist/tex/generic/pgf/utilities/pgfrcs.code.tex (/usr/local/texlive/2022/texmf-dist/tex/generic/pgf/pgf.revision.tex)
Package: pgfrcs 2023-01-15 v3.1.10 (3.1.10)
))
Package: pgf 2023-01-15 v3.1.10 (3.1.10)
 (/usr/local/texlive/2022/texmf-dist/tex/latex/pgf/basiclayer/pgfcore.sty (/usr/local/texlive/2022/texmf-dist/tex/latex/pgf/systemlayer/pgfsys.sty (/usr/local/texlive/2022/texmf-dist/tex/generic/pgf/systemlayer/pgfsys.code.tex
Package: pgfsys 2023-01-15 v3.1.10 (3.1.10)
 (/usr/local/texlive/2022/texmf-dist/tex/generic/pgf/utilities/pgfkeys.code.tex
\pgfkeys@pathtoks=\toks23
\pgfkeys@temptoks=\toks24
 (/usr/local/texlive/2022/texmf-dist/tex/generic/pgf/utilities/pgfkeyslibraryfiltered.code.tex
\pgfkeys@tmptoks=\toks25
))
\pgf@x=\dimen180
\pgf@y=\dimen181
\pgf@xa=\dimen182
\pgf@ya=\dimen183
\pgf@xb=\dimen184
\pgf@yb=\dimen185
\pgf@xc=\dimen186
\pgf@yc=\dimen187
\pgf@xd=\dimen188
\pgf@yd=\dimen189
\w@pgf@writea=\write4
\r@pgf@reada=\read3
\c@pgf@counta=\count420
\c@pgf@countb=\count421
\c@pgf@countc=\count422
\c@pgf@countd=\count423
\t@pgf@toka=\toks26
\t@pgf@tokb=\toks27
\t@pgf@tokc=\toks28
\pgf@sys@id@count=\count424
 (/usr/local/texlive/2022/texmf-dist/tex/generic/pgf/systemlayer/pgf.cfg
File: pgf.cfg 2023-01-15 v3.1.10 (3.1.10)
)
Driver file for pgf: pgfsys-pdftex.def
 (/usr/local/texlive/2022/texmf-dist/tex/generic/pgf/systemlayer/pgfsys-pdftex.def
File: pgfsys-pdftex.def 2023-01-15 v3.1.10 (3.1.10)
 (/usr/local/texlive/2022/texmf-dist/tex/generic/pgf/systemlayer/pgfsys-common-pdf.def
File: pgfsys-common-pdf.def 2023-01-15 v3.1.10 (3.1.10)
))) (/usr/local/texlive/2022/texmf-dist/tex/generic/pgf/systemlayer/pgfsyssoftpath.code.tex
File: pgfsyssoftpath.code.tex 2023-01-15 v3.1.10 (3.1.10)
\pgfsyssoftpath@smallbuffer@items=\count425
\pgfsyssoftpath@bigbuffer@items=\count426
) (/usr/local/texlive/2022/texmf-dist/tex/generic/pgf/systemlayer/pgfsysprotocol.code.tex
File: pgfsysprotocol.code.tex 2023-01-15 v3.1.10 (3.1.10)
)) (/usr/local/texlive/2022/texmf-dist/tex/generic/pgf/basiclayer/pgfcore.code.tex
Package: pgfcore 2023-01-15 v3.1.10 (3.1.10)
 (/usr/local/texlive/2022/texmf-dist/tex/generic/pgf/math/pgfmath.code.tex (/usr/local/texlive/2022/texmf-dist/tex/generic/pgf/math/pgfmathutil.code.tex) (/usr/local/texlive/2022/texmf-dist/tex/generic/pgf/math/pgfmathparser.code.tex
\pgfmath@dimen=\dimen190
\pgfmath@count=\count427
\pgfmath@box=\box101
\pgfmath@toks=\toks29
\pgfmath@stack@operand=\toks30
\pgfmath@stack@operation=\toks31
) (/usr/local/texlive/2022/texmf-dist/tex/generic/pgf/math/pgfmathfunctions.code.tex) (/usr/local/texlive/2022/texmf-dist/tex/generic/pgf/math/pgfmathfunctions.basic.code.tex) (/usr/local/texlive/2022/texmf-dist/tex/generic/pgf/math/pgfmathfunctions.trigonometric.code.tex) (/usr/local/texlive/2022/texmf-dist/tex/generic/pgf/math/pgfmathfunctions.random.code.tex) (/usr/local/texlive/2022/texmf-dist/tex/generic/pgf/math/pgfmathfunctions.comparison.code.tex) (/usr/local/texlive/2022/texmf-dist/tex/generic/pgf/math/pgfmathfunctions.base.code.tex) (/usr/local/texlive/2022/texmf-dist/tex/generic/pgf/math/pgfmathfunctions.round.code.tex) (/usr/local/texlive/2022/texmf-dist/tex/generic/pgf/math/pgfmathfunctions.misc.code.tex) (/usr/local/texlive/2022/texmf-dist/tex/generic/pgf/math/pgfmathfunctions.integerarithmetics.code.tex) (/usr/local/texlive/2022/texmf-dist/tex/generic/pgf/math/pgfmathcalc.code.tex) (/usr/local/texlive/2022/texmf-dist/tex/generic/pgf/math/pgfmathfloat.code.tex
\c@pgfmathroundto@lastzeros=\count428
)) (/usr/local/texlive/2022/texmf-dist/tex/generic/pgf/math/pgfint.code.tex) (/usr/local/texlive/2022/texmf-dist/tex/generic/pgf/basiclayer/pgfcorepoints.code.tex
File: pgfcorepoints.code.tex 2023-01-15 v3.1.10 (3.1.10)
\pgf@picminx=\dimen191
\pgf@picmaxx=\dimen192
\pgf@picminy=\dimen193
\pgf@picmaxy=\dimen194
\pgf@pathminx=\dimen195
\pgf@pathmaxx=\dimen196
\pgf@pathminy=\dimen197
\pgf@pathmaxy=\dimen198
\pgf@xx=\dimen199
\pgf@xy=\dimen256
\pgf@yx=\dimen257
\pgf@yy=\dimen258
\pgf@zx=\dimen259
\pgf@zy=\dimen260
) (/usr/local/texlive/2022/texmf-dist/tex/generic/pgf/basiclayer/pgfcorepathconstruct.code.tex
File: pgfcorepathconstruct.code.tex 2023-01-15 v3.1.10 (3.1.10)
\pgf@path@lastx=\dimen261
\pgf@path@lasty=\dimen262
) (/usr/local/texlive/2022/texmf-dist/tex/generic/pgf/basiclayer/pgfcorepathusage.code.tex
File: pgfcorepathusage.code.tex 2023-01-15 v3.1.10 (3.1.10)
\pgf@shorten@end@additional=\dimen263
\pgf@shorten@start@additional=\dimen264
) (/usr/local/texlive/2022/texmf-dist/tex/generic/pgf/basiclayer/pgfcorescopes.code.tex
File: pgfcorescopes.code.tex 2023-01-15 v3.1.10 (3.1.10)
\pgfpic=\box102
\pgf@hbox=\box103
\pgf@layerbox@main=\box104
\pgf@picture@serial@count=\count429
) (/usr/local/texlive/2022/texmf-dist/tex/generic/pgf/basiclayer/pgfcoregraphicstate.code.tex
File: pgfcoregraphicstate.code.tex 2023-01-15 v3.1.10 (3.1.10)
\pgflinewidth=\dimen265
) (/usr/local/texlive/2022/texmf-dist/tex/generic/pgf/basiclayer/pgfcoretransformations.code.tex
File: pgfcoretransformations.code.tex 2023-01-15 v3.1.10 (3.1.10)
\pgf@pt@x=\dimen266
\pgf@pt@y=\dimen267
\pgf@pt@temp=\dimen268
) (/usr/local/texlive/2022/texmf-dist/tex/generic/pgf/basiclayer/pgfcorequick.code.tex
File: pgfcorequick.code.tex 2023-01-15 v3.1.10 (3.1.10)
) (/usr/local/texlive/2022/texmf-dist/tex/generic/pgf/basiclayer/pgfcoreobjects.code.tex
File: pgfcoreobjects.code.tex 2023-01-15 v3.1.10 (3.1.10)
) (/usr/local/texlive/2022/texmf-dist/tex/generic/pgf/basiclayer/pgfcorepathprocessing.code.tex
File: pgfcorepathprocessing.code.tex 2023-01-15 v3.1.10 (3.1.10)
) (/usr/local/texlive/2022/texmf-dist/tex/generic/pgf/basiclayer/pgfcorearrows.code.tex
File: pgfcorearrows.code.tex 2023-01-15 v3.1.10 (3.1.10)
\pgfarrowsep=\dimen269
) (/usr/local/texlive/2022/texmf-dist/tex/generic/pgf/basiclayer/pgfcoreshade.code.tex
File: pgfcoreshade.code.tex 2023-01-15 v3.1.10 (3.1.10)
\pgf@max=\dimen270
\pgf@sys@shading@range@num=\count430
\pgf@shadingcount=\count431
) (/usr/local/texlive/2022/texmf-dist/tex/generic/pgf/basiclayer/pgfcoreimage.code.tex
File: pgfcoreimage.code.tex 2023-01-15 v3.1.10 (3.1.10)
) (/usr/local/texlive/2022/texmf-dist/tex/generic/pgf/basiclayer/pgfcoreexternal.code.tex
File: pgfcoreexternal.code.tex 2023-01-15 v3.1.10 (3.1.10)
\pgfexternal@startupbox=\box105
) (/usr/local/texlive/2022/texmf-dist/tex/generic/pgf/basiclayer/pgfcorelayers.code.tex
File: pgfcorelayers.code.tex 2023-01-15 v3.1.10 (3.1.10)
) (/usr/local/texlive/2022/texmf-dist/tex/generic/pgf/basiclayer/pgfcoretransparency.code.tex
File: pgfcoretransparency.code.tex 2023-01-15 v3.1.10 (3.1.10)
) (/usr/local/texlive/2022/texmf-dist/tex/generic/pgf/basiclayer/pgfcorepatterns.code.tex
File: pgfcorepatterns.code.tex 2023-01-15 v3.1.10 (3.1.10)
) (/usr/local/texlive/2022/texmf-dist/tex/generic/pgf/basiclayer/pgfcorerdf.code.tex
File: pgfcorerdf.code.tex 2023-01-15 v3.1.10 (3.1.10)
))) (/usr/local/texlive/2022/texmf-dist/tex/generic/pgf/modules/pgfmoduleshapes.code.tex
File: pgfmoduleshapes.code.tex 2023-01-15 v3.1.10 (3.1.10)
\pgfnodeparttextbox=\box106
) (/usr/local/texlive/2022/texmf-dist/tex/generic/pgf/modules/pgfmoduleplot.code.tex
File: pgfmoduleplot.code.tex 2023-01-15 v3.1.10 (3.1.10)
) (/usr/local/texlive/2022/texmf-dist/tex/latex/pgf/compatibility/pgfcomp-version-0-65.sty
Package: pgfcomp-version-0-65 2023-01-15 v3.1.10 (3.1.10)
\pgf@nodesepstart=\dimen271
\pgf@nodesepend=\dimen272
) (/usr/local/texlive/2022/texmf-dist/tex/latex/pgf/compatibility/pgfcomp-version-1-18.sty
Package: pgfcomp-version-1-18 2023-01-15 v3.1.10 (3.1.10)
)) (/usr/local/texlive/2022/texmf-dist/tex/latex/pgf/utilities/pgffor.sty (/usr/local/texlive/2022/texmf-dist/tex/latex/pgf/utilities/pgfkeys.sty (/usr/local/texlive/2022/texmf-dist/tex/generic/pgf/utilities/pgfkeys.code.tex)) (/usr/local/texlive/2022/texmf-dist/tex/latex/pgf/math/pgfmath.sty (/usr/local/texlive/2022/texmf-dist/tex/generic/pgf/math/pgfmath.code.tex)) (/usr/local/texlive/2022/texmf-dist/tex/generic/pgf/utilities/pgffor.code.tex
Package: pgffor 2023-01-15 v3.1.10 (3.1.10)
\pgffor@iter=\dimen273
\pgffor@skip=\dimen274
\pgffor@stack=\toks32
\pgffor@toks=\toks33
)) (/usr/local/texlive/2022/texmf-dist/tex/generic/pgf/frontendlayer/tikz/tikz.code.tex
Package: tikz 2023-01-15 v3.1.10 (3.1.10)
 (/usr/local/texlive/2022/texmf-dist/tex/generic/pgf/libraries/pgflibraryplothandlers.code.tex
File: pgflibraryplothandlers.code.tex 2023-01-15 v3.1.10 (3.1.10)
\pgf@plot@mark@count=\count432
\pgfplotmarksize=\dimen275
)
\tikz@lastx=\dimen276
\tikz@lasty=\dimen277
\tikz@lastxsaved=\dimen278
\tikz@lastysaved=\dimen279
\tikz@lastmovetox=\dimen280
\tikz@lastmovetoy=\dimen281
\tikzleveldistance=\dimen282
\tikzsiblingdistance=\dimen283
\tikz@figbox=\box107
\tikz@figbox@bg=\box108
\tikz@tempbox=\box109
\tikz@tempbox@bg=\box110
\tikztreelevel=\count433
\tikznumberofchildren=\count434
\tikznumberofcurrentchild=\count435
\tikz@fig@count=\count436

(/usr/local/texlive/2022/texmf-dist/tex/generic/pgf/modules/pgfmodulematrix.code.tex
File: pgfmodulematrix.code.tex 2023-01-15 v3.1.10 (3.1.10)
\pgfmatrixcurrentrow=\count437
\pgfmatrixcurrentcolumn=\count438
\pgf@matrix@numberofcolumns=\count439
)
\tikz@expandcount=\count440
 (/usr/local/texlive/2022/texmf-dist/tex/generic/pgf/frontendlayer/tikz/libraries/tikzlibrarytopaths.code.tex
File: tikzlibrarytopaths.code.tex 2023-01-15 v3.1.10 (3.1.10)
))) (/usr/local/texlive/2022/texmf-dist/tex/generic/tikz-cd/tikzlibrarycd.code.tex (/usr/local/texlive/2022/texmf-dist/tex/generic/pgf/frontendlayer/tikz/libraries/tikzlibrarymatrix.code.tex
File: tikzlibrarymatrix.code.tex 2023-01-15 v3.1.10 (3.1.10)
) (/usr/local/texlive/2022/texmf-dist/tex/generic/pgf/frontendlayer/tikz/libraries/tikzlibraryquotes.code.tex
File: tikzlibraryquotes.code.tex 2023-01-15 v3.1.10 (3.1.10)
) (/usr/local/texlive/2022/texmf-dist/tex/generic/pgf/libraries/pgflibraryarrows.meta.code.tex
File: pgflibraryarrows.meta.code.tex 2023-01-15 v3.1.10 (3.1.10)
\pgfarrowinset=\dimen284
\pgfarrowlength=\dimen285
\pgfarrowwidth=\dimen286
\pgfarrowlinewidth=\dimen287
))) (/usr/local/texlive/2022/texmf-dist/tex/generic/pgf/frontendlayer/tikz/libraries/tikzlibrarycalc.code.tex
File: tikzlibrarycalc.code.tex 2023-01-15 v3.1.10 (3.1.10)
) (/usr/local/texlive/2022/texmf-dist/tex/generic/pgf/frontendlayer/tikz/libraries/tikzlibrarydecorations.pathmorphing.code.tex (/usr/local/texlive/2022/texmf-dist/tex/generic/pgf/frontendlayer/tikz/libraries/tikzlibrarydecorations.code.tex (/usr/local/texlive/2022/texmf-dist/tex/generic/pgf/modules/pgfmoduledecorations.code.tex
\pgfdecoratedcompleteddistance=\dimen288
\pgfdecoratedremainingdistance=\dimen289
\pgfdecoratedinputsegmentcompleteddistance=\dimen290
\pgfdecoratedinputsegmentremainingdistance=\dimen291
\pgf@decorate@distancetomove=\dimen292
\pgf@decorate@repeatstate=\count441
\pgfdecorationsegmentamplitude=\dimen293
\pgfdecorationsegmentlength=\dimen294
)
\tikz@lib@dec@box=\box111
) (/usr/local/texlive/2022/texmf-dist/tex/generic/pgf/libraries/decorations/pgflibrarydecorations.pathmorphing.code.tex)) (/usr/local/texlive/2022/texmf-dist/tex/latex/physics/physics.sty
Package: physics 
 (/usr/local/texlive/2022/texmf-dist/tex/latex/amsmath/amsmath.sty
Package: amsmath 2022/04/08 v2.17n AMS math features
\@mathmargin=\skip76

For additional information on amsmath, use the `?' option.
(/usr/local/texlive/2022/texmf-dist/tex/latex/amsmath/amstext.sty
Package: amstext 2021/08/26 v2.01 AMS text
 (/usr/local/texlive/2022/texmf-dist/tex/latex/amsmath/amsgen.sty
File: amsgen.sty 1999/11/30 v2.0 generic functions
\@emptytoks=\toks34
\ex@=\dimen295
)) (/usr/local/texlive/2022/texmf-dist/tex/latex/amsmath/amsbsy.sty
Package: amsbsy 1999/11/29 v1.2d Bold Symbols
\pmbraise@=\dimen296
) (/usr/local/texlive/2022/texmf-dist/tex/latex/amsmath/amsopn.sty
Package: amsopn 2022/04/08 v2.04 operator names
)
\inf@bad=\count442
LaTeX Info: Redefining \frac on input line 234.
\uproot@=\count443
\leftroot@=\count444
LaTeX Info: Redefining \overline on input line 399.
LaTeX Info: Redefining \colon on input line 410.
\classnum@=\count445
\DOTSCASE@=\count446
LaTeX Info: Redefining \ldots on input line 496.
LaTeX Info: Redefining \dots on input line 499.
LaTeX Info: Redefining \cdots on input line 620.
\Mathstrutbox@=\box112
\strutbox@=\box113
LaTeX Info: Redefining \big on input line 722.
LaTeX Info: Redefining \Big on input line 723.
LaTeX Info: Redefining \bigg on input line 724.
LaTeX Info: Redefining \Bigg on input line 725.
\big@size=\dimen297
LaTeX Font Info:    Redeclaring font encoding OML on input line 743.
LaTeX Font Info:    Redeclaring font encoding OMS on input line 744.
\macc@depth=\count447
LaTeX Info: Redefining \bmod on input line 905.
LaTeX Info: Redefining \pmod on input line 910.
LaTeX Info: Redefining \smash on input line 940.
LaTeX Info: Redefining \relbar on input line 970.
LaTeX Info: Redefining \Relbar on input line 971.
\c@MaxMatrixCols=\count448
\dotsspace@=\muskip21
\c@parentequation=\count449
\dspbrk@lvl=\count450
\tag@help=\toks35
\row@=\count451
\column@=\count452
\maxfields@=\count453
\andhelp@=\toks36
\eqnshift@=\dimen298
\alignsep@=\dimen299
\tagshift@=\dimen300
\tagwidth@=\dimen301
\totwidth@=\dimen302
\lineht@=\dimen303
\@envbody=\toks37
\multlinegap=\skip77
\multlinetaggap=\skip78
\mathdisplay@stack=\toks38
LaTeX Info: Redefining \[ on input line 2953.
LaTeX Info: Redefining \] on input line 2954.
)) (/usr/local/texlive/2022/texmf-dist/tex/latex/complexity/complexity.sty
Package: complexity 09/16/17  v0.81a
 (/usr/local/texlive/2022/texmf-dist/tex/latex/complexity/mycomplexity.sty)) (/usr/local/texlive/2022/texmf-dist/tex/latex/stmaryrd/stmaryrd.sty
Package: stmaryrd 1994/03/03 St Mary's Road symbol package
\symstmry=\mathgroup4
LaTeX Font Info:    Overwriting symbol font `stmry' in version `bold'
(Font)                  U/stmry/m/n --> U/stmry/b/n on input line 89.
) (/usr/local/texlive/2022/texmf-dist/tex/latex/tools/bm.sty
Package: bm 2022/01/05 v1.2f Bold Symbol Support (DPC/FMi)
\symboldoperators=\mathgroup5
\symboldletters=\mathgroup6
\symboldsymbols=\mathgroup7
Package bm Info: No bold for \OMX/cmex/m/n, using \pmb.
\symboldstmry=\mathgroup8
LaTeX Font Info:    Redeclaring math alphabet \mathbf on input line 149.
) (/usr/local/texlive/2022/texmf-dist/tex/latex/bbm-macros/bbm.sty
Package: bbm 1999/03/15 V 1.2 provides fonts for set symbols - TH
LaTeX Font Info:    Overwriting math alphabet `\mathbbm' in version `bold'
(Font)                  U/bbm/m/n --> U/bbm/bx/n on input line 33.
LaTeX Font Info:    Overwriting math alphabet `\mathbbmss' in version `bold'
(Font)                  U/bbmss/m/n --> U/bbmss/bx/n on input line 35.
) (/usr/local/texlive/2022/texmf-dist/tex/latex/import/import.sty
Package: import 2020/04/01  v 6.2
) (/usr/local/texlive/2022/texmf-dist/tex/latex/xifthen/xifthen.sty
Package: xifthen 2015/11/05 v1.4.0 Extended ifthen features
 (/usr/local/texlive/2022/texmf-dist/tex/latex/tools/calc.sty
Package: calc 2017/05/25 v4.3 Infix arithmetic (KKT,FJ)
\calc@Acount=\count454
\calc@Bcount=\count455
\calc@Adimen=\dimen304
\calc@Bdimen=\dimen305
\calc@Askip=\skip79
\calc@Bskip=\skip80
LaTeX Info: Redefining \setlength on input line 80.
LaTeX Info: Redefining \addtolength on input line 81.
\calc@Ccount=\count456
\calc@Cskip=\skip81
) (/usr/local/texlive/2022/texmf-dist/tex/latex/ifmtarg/ifmtarg.sty
Package: ifmtarg 2018/04/16 v1.2b check for an empty argument
)) (/usr/local/texlive/2022/texmf-dist/tex/latex/pdfpages/pdfpages.sty
Package: pdfpages 2022/12/19 v0.5x Insert pages of external PDF documents (AM)
 (/usr/local/texlive/2022/texmf-dist/tex/latex/eso-pic/eso-pic.sty
Package: eso-pic 2020/10/14 v3.0a eso-pic (RN)
\ESO@tempdima=\dimen306
\ESO@tempdimb=\dimen307
)
\AM@pagewidth=\dimen308
\AM@pageheight=\dimen309
\AM@fboxrule=\dimen310
 (/usr/local/texlive/2022/texmf-dist/tex/latex/pdfpages/pppdftex.def
File: pppdftex.def 2022/12/19 v0.5x Pdfpages driver for pdfTeX (AM)
)
\pdfpages@includegraphics@status=\count457
\AM@pagebox=\box114
\AM@global@opts=\toks39
\AM@pagecnt=\count458
\AM@toc@title=\toks40
\AM@lof@heading=\toks41
\c@AM@survey=\count459
\AM@templatesizebox=\box115
) (/usr/local/texlive/2022/texmf-dist/tex/latex/transparent/transparent.sty
Package: transparent 2022-10-27 v1.5 Transparency with color stacks
 (/usr/local/texlive/2022/texmf-dist/tex/latex/transparent/transparent-nometadata.sty
Package: transparent-nometadata 2022-10-27 v1.5 Transparency via pdfTeX's color stack (HO)
))) (/usr/local/texlive/2022/texmf-dist/tex/latex/amsfonts/amsfonts.sty
Package: amsfonts 2013/01/14 v3.01 Basic AMSFonts support
\symAMSa=\mathgroup9
\symAMSb=\mathgroup10
LaTeX Font Info:    Redeclaring math symbol \hbar on input line 98.
LaTeX Font Info:    Overwriting math alphabet `\mathfrak' in version `bold'
(Font)                  U/euf/m/n --> U/euf/b/n on input line 106.
) (/usr/local/texlive/2022/texmf-dist/tex/latex/mathtools/mathtools.sty
Package: mathtools 2022/06/29 v1.29 mathematical typesetting tools
 (/usr/local/texlive/2022/texmf-dist/tex/latex/mathtools/mhsetup.sty
Package: mhsetup 2021/03/18 v1.4 programming setup (MH)
)
\g_MT_multlinerow_int=\count460
\l_MT_multwidth_dim=\dimen311
\origjot=\skip82
\l_MT_shortvdotswithinadjustabove_dim=\dimen312
\l_MT_shortvdotswithinadjustbelow_dim=\dimen313
\l_MT_above_intertext_sep=\dimen314
\l_MT_below_intertext_sep=\dimen315
\l_MT_above_shortintertext_sep=\dimen316
\l_MT_below_shortintertext_sep=\dimen317
\xmathstrut@box=\box116
\xmathstrut@dim=\dimen318
) (/usr/local/texlive/2022/texmf-dist/tex/latex/amscls/amsthm.sty
Package: amsthm 2020/05/29 v2.20.6
\thm@style=\toks42
\thm@bodyfont=\toks43
\thm@headfont=\toks44
\thm@notefont=\toks45
\thm@headpunct=\toks46
\thm@preskip=\skip83
\thm@postskip=\skip84
\thm@headsep=\skip85
\dth@everypar=\toks47
) (/usr/local/texlive/2022/texmf-dist/tex/latex/amsfonts/amssymb.sty
Package: amssymb 2013/01/14 v3.01 AMS font symbols
LaTeX Font Info:    Redeclaring math symbol \boxdot on input line 44.
) (/usr/local/texlive/2022/texmf-dist/tex/latex/geometry/geometry.sty
Package: geometry 2020/01/02 v5.9 Page Geometry
 (/usr/local/texlive/2022/texmf-dist/tex/generic/iftex/ifvtex.sty
Package: ifvtex 2019/10/25 v1.7 ifvtex legacy package. Use iftex instead.
)
\Gm@cnth=\count461
\Gm@cntv=\count462
\c@Gm@tempcnt=\count463
\Gm@bindingoffset=\dimen319
\Gm@wd@mp=\dimen320
\Gm@odd@mp=\dimen321
\Gm@even@mp=\dimen322
\Gm@layoutwidth=\dimen323
\Gm@layoutheight=\dimen324
\Gm@layouthoffset=\dimen325
\Gm@layoutvoffset=\dimen326
\Gm@dimlist=\toks48
) (/usr/local/texlive/2022/texmf-dist/tex/latex/jknapltx/mathrsfs.sty
Package: mathrsfs 1996/01/01 Math RSFS package v1.0 (jk)
\symrsfs=\mathgroup11
) (/usr/local/texlive/2022/texmf-dist/tex/latex/cancel/cancel.sty
Package: cancel 2013/04/12 v2.2 Cancel math terms
) (/usr/local/texlive/2022/texmf-dist/tex/generic/systeme/systeme.sty (/usr/local/texlive/2022/texmf-dist/tex/generic/xstring/xstring.sty (/usr/local/texlive/2022/texmf-dist/tex/generic/xstring/xstring.tex
\integerpart=\count464
\decimalpart=\count465
)
Package: xstring 2023/01/14 v1.85 String manipulations (CT)
) (/usr/local/texlive/2022/texmf-dist/tex/generic/systeme/systeme.tex
\SYS_systemecode=\toks49
\SYS_systempreamble=\toks50
\SYSeqnum=\count466
)
Package: systeme 2020/05/03 v0.34 Mise en forme de systemes d'equations (CT)
) (/usr/local/texlive/2022/texmf-dist/tex/latex/multirow/bigdelim.sty
Package: bigdelim 2021/03/15 v2.8 Create big delimiters in tabular or array
 (/usr/local/texlive/2022/texmf-dist/tex/latex/multirow/multirow.sty
Package: multirow 2021/03/15 v2.8 Span multiple rows of a table
\multirow@colwidth=\skip86
\multirow@cntb=\count467
\multirow@dima=\skip87
\bigstrutjot=\dimen327
)) (/usr/local/texlive/2022/texmf-dist/tex/latex/siunitx/siunitx.sty
Package: siunitx 2023-01-03 v3.2.0 A comprehensive (SI) units package
\l__siunitx_angle_tmp_dim=\dimen328
\l__siunitx_angle_marker_box=\box117
\l__siunitx_angle_unit_box=\box118
\l__siunitx_compound_count_int=\count468
 (/usr/local/texlive/2022/texmf-dist/tex/latex/translations/translations.sty
Package: translations 2022/02/05 v1.12 internationalization of LaTeX2e packages (CN)
)
\l__siunitx_number_exponent_fixed_int=\count469
\l__siunitx_number_min_decimal_int=\count470
\l__siunitx_number_min_integer_int=\count471
\l__siunitx_number_round_precision_int=\count472
\l__siunitx_number_lower_threshold_int=\count473
\l__siunitx_number_upper_threshold_int=\count474
\l__siunitx_number_group_first_int=\count475
\l__siunitx_number_group_size_int=\count476
\l__siunitx_number_group_minimum_int=\count477
\l__siunitx_table_tmp_box=\box119
\l__siunitx_table_tmp_dim=\dimen329
\l__siunitx_table_column_width_dim=\dimen330
\l__siunitx_table_integer_box=\box120
\l__siunitx_table_decimal_box=\box121
\l__siunitx_table_uncert_box=\box122
\l__siunitx_table_before_box=\box123
\l__siunitx_table_after_box=\box124
\l__siunitx_table_before_dim=\dimen331
\l__siunitx_table_carry_dim=\dimen332
\l__siunitx_unit_tmp_int=\count478
\l__siunitx_unit_position_int=\count479
\l__siunitx_unit_total_int=\count480
 (/usr/local/texlive/2022/texmf-dist/tex/latex/tools/array.sty
Package: array 2022/09/04 v2.5g Tabular extension package (FMi)
\col@sep=\dimen333
\ar@mcellbox=\box125
\extrarowheight=\dimen334
\NC@list=\toks51
\extratabsurround=\skip88
\backup@length=\skip89
\ar@cellbox=\box126
)) (/usr/local/texlive/2022/texmf-dist/tex/generic/pgf/frontendlayer/tikz/libraries/tikzlibraryintersections.code.tex (/usr/local/texlive/2022/texmf-dist/tex/generic/pgf/libraries/pgflibraryintersections.code.tex (/usr/local/texlive/2022/texmf-dist/tex/generic/pgf/libraries/pgflibraryfpu.code.tex)
\pgf@intersect@solutions=\count481
)) (/usr/local/texlive/2022/texmf-dist/tex/generic/pgf/frontendlayer/tikz/libraries/tikzlibraryangles.code.tex
File: tikzlibraryangles.code.tex 2023-01-15 v3.1.10 (3.1.10)
) (/usr/local/texlive/2022/texmf-dist/tex/generic/pgf/frontendlayer/tikz/libraries/tikzlibrarypositioning.code.tex
File: tikzlibrarypositioning.code.tex 2023-01-15 v3.1.10 (3.1.10)
) (/usr/local/texlive/2022/texmf-dist/tex/latex/pgfplots/pgfplots.sty (/usr/local/texlive/2022/texmf-dist/tex/generic/pgfplots/pgfplots.revision.tex)
Package: pgfplots 2021/05/15 v1.18.1 Data Visualization (1.18.1)
 (/usr/local/texlive/2022/texmf-dist/tex/generic/pgfplots/pgfplots.code.tex (/usr/local/texlive/2022/texmf-dist/tex/generic/pgfplots/pgfplotscore.code.tex
\t@pgfplots@toka=\toks52
\t@pgfplots@tokb=\toks53
\t@pgfplots@tokc=\toks54
\pgfplots@tmpa=\dimen335
\c@pgfplots@coordindex=\count482
\c@pgfplots@scanlineindex=\count483
 (/usr/local/texlive/2022/texmf-dist/tex/generic/pgfplots/sys/pgfplotssysgeneric.code.tex)) (/usr/local/texlive/2022/texmf-dist/tex/generic/pgfplots/libs/pgfplotslibrary.code.tex) (/usr/local/texlive/2022/texmf-dist/tex/generic/pgfplots/oldpgfcompatib/pgfplotsoldpgfsupp_loader.code.tex
Package pgfplots: loading complementary utilities for your pgf version...
\t@pgf@toka=\toks55
\t@pgf@tokb=\toks56
\t@pgf@tokc=\toks57
(/usr/local/texlive/2022/texmf-dist/tex/generic/pgfplots/oldpgfcompatib/pgfplotsoldpgfsupp_pgfutil-common-lists.tex)) (/usr/local/texlive/2022/texmf-dist/tex/generic/pgfplots/util/pgfplotsutil.code.tex (/usr/local/texlive/2022/texmf-dist/tex/generic/pgfplots/liststructure/pgfplotsliststructure.code.tex) (/usr/local/texlive/2022/texmf-dist/tex/generic/pgfplots/liststructure/pgfplotsliststructureext.code.tex) (/usr/local/texlive/2022/texmf-dist/tex/generic/pgfplots/liststructure/pgfplotsarray.code.tex
\c@pgfplotsarray@tmp=\count484
) (/usr/local/texlive/2022/texmf-dist/tex/generic/pgfplots/liststructure/pgfplotsmatrix.code.tex) (/usr/local/texlive/2022/texmf-dist/tex/generic/pgfplots/numtable/pgfplotstableshared.code.tex
\c@pgfplotstable@counta=\count485
\t@pgfplotstable@a=\toks58
) (/usr/local/texlive/2022/texmf-dist/tex/generic/pgfplots/liststructure/pgfplotsdeque.code.tex) (/usr/local/texlive/2022/texmf-dist/tex/generic/pgfplots/util/pgfplotsbinary.code.tex (/usr/local/texlive/2022/texmf-dist/tex/generic/pgfplots/util/pgfplotsbinary.data.code.tex)) (/usr/local/texlive/2022/texmf-dist/tex/generic/pgfplots/util/pgfplotsutil.verb.code.tex) (/usr/local/texlive/2022/texmf-dist/tex/generic/pgfplots/libs/pgflibrarypgfplots.surfshading.code.tex
\c@pgfplotslibrarysurf@no=\count486
 (/usr/local/texlive/2022/texmf-dist/tex/generic/pgfplots/sys/pgflibrarypgfplots.surfshading.pgfsys-pdftex.def))) (/usr/local/texlive/2022/texmf-dist/tex/generic/pgfplots/util/pgfplotscolormap.code.tex (/usr/local/texlive/2022/texmf-dist/tex/generic/pgfplots/util/pgfplotscolor.code.tex)) (/usr/local/texlive/2022/texmf-dist/tex/generic/pgfplots/pgfplotsstackedplots.code.tex) (/usr/local/texlive/2022/texmf-dist/tex/generic/pgfplots/pgfplotsplothandlers.code.tex (/usr/local/texlive/2022/texmf-dist/tex/generic/pgfplots/pgfplotsmeshplothandler.code.tex (/usr/local/texlive/2022/texmf-dist/tex/generic/pgfplots/pgfplotsmeshplotimage.code.tex))) (/usr/local/texlive/2022/texmf-dist/tex/generic/pgfplots/pgfplots.scaling.code.tex) (/usr/local/texlive/2022/texmf-dist/tex/generic/pgfplots/pgfplotscoordprocessing.code.tex) (/usr/local/texlive/2022/texmf-dist/tex/generic/pgfplots/pgfplots.errorbars.code.tex) (/usr/local/texlive/2022/texmf-dist/tex/generic/pgfplots/pgfplots.markers.code.tex) (/usr/local/texlive/2022/texmf-dist/tex/generic/pgfplots/pgfplotsticks.code.tex) (/usr/local/texlive/2022/texmf-dist/tex/generic/pgfplots/pgfplots.paths.code.tex) (/usr/local/texlive/2022/texmf-dist/tex/generic/pgf/frontendlayer/tikz/libraries/tikzlibrarydecorations.pathreplacing.code.tex (/usr/local/texlive/2022/texmf-dist/tex/generic/pgf/libraries/decorations/pgflibrarydecorations.pathreplacing.code.tex)) (/usr/local/texlive/2022/texmf-dist/tex/generic/pgfplots/libs/tikzlibrarypgfplots.contourlua.code.tex)
\pgfplots@numplots=\count487
\pgfplots@xmin@reg=\dimen336
\pgfplots@xmax@reg=\dimen337
\pgfplots@ymin@reg=\dimen338
\pgfplots@ymax@reg=\dimen339
\pgfplots@zmin@reg=\dimen340
\pgfplots@zmax@reg=\dimen341
) (/usr/local/texlive/2022/texmf-dist/tex/generic/pgf/frontendlayer/tikz/libraries/tikzlibraryplotmarks.code.tex
File: tikzlibraryplotmarks.code.tex 2023-01-15 v3.1.10 (3.1.10)
 (/usr/local/texlive/2022/texmf-dist/tex/generic/pgf/libraries/pgflibraryplotmarks.code.tex
File: pgflibraryplotmarks.code.tex 2023-01-15 v3.1.10 (3.1.10)
))) (/usr/local/texlive/2022/texmf-dist/tex/latex/algorithm2e/algorithm2e.sty
Package: algorithm2e 2017/07/18 v5.2 algorithms environments
\c@AlgoLine=\count488
\algocf@hangindent=\skip90
 (/usr/local/texlive/2022/texmf-dist/tex/latex/ifoddpage/ifoddpage.sty
Package: ifoddpage 2022/10/18 v1.2 Conditionals for odd/even page detection
\c@checkoddpage=\count489
) (/usr/local/texlive/2022/texmf-dist/tex/latex/tools/xspace.sty
Package: xspace 2014/10/28 v1.13 Space after command names (DPC,MH)
) (/usr/local/texlive/2022/texmf-dist/tex/latex/relsize/relsize.sty
Package: relsize 2013/03/29 ver 4.1
)
\skiptotal=\skip91
\skiplinenumber=\skip92
\skiprule=\skip93
\skiphlne=\skip94
\skiptext=\skip95
\skiplength=\skip96
\algomargin=\skip97
\skipalgocfslide=\skip98
\algowidth=\dimen342
\inoutsize=\dimen343
\inoutindent=\dimen344
\interspacetitleruled=\dimen345
\interspacealgoruled=\dimen346
\interspacetitleboxruled=\dimen347
\algocf@ruledwidth=\skip99
\algocf@inoutbox=\box127
\algocf@inputbox=\box128
\AlCapSkip=\skip100
\AlCapHSkip=\skip101
\algoskipindent=\skip102
\algocf@nlbox=\box129
\algocf@hangingbox=\box130
\algocf@untilbox=\box131
\algocf@skipuntil=\skip103
\algocf@capbox=\box132
\algocf@lcaptionbox=\skip104
\algoheightruledefault=\skip105
\algoheightrule=\skip106
\algotitleheightruledefault=\skip107
\algotitleheightrule=\skip108
\c@algocfline=\count490
\c@algocfproc=\count491
\c@algocf=\count492
\algocf@algoframe=\box133
\algocf@algobox=\box134
) (/usr/local/texlive/2022/texmf-dist/tex/latex/thmtools/thmtools.sty
Package: thmtools 2022/06/01 v0.73
\thmt@toks=\toks59
\c@thmt@dummyctr=\count493
 (/usr/local/texlive/2022/texmf-dist/tex/latex/thmtools/thm-patch.sty
Package: thm-patch 2022/06/01 v0.73
 (/usr/local/texlive/2022/texmf-dist/tex/latex/thmtools/parseargs.sty
Package: parseargs 2022/06/01 v0.73
\@parsespec=\toks60
)) (/usr/local/texlive/2022/texmf-dist/tex/latex/thmtools/thm-kv.sty
Package: thm-kv 2022/06/01 v0.73
Package thm-kv Info: Theorem names will be uppercased on input line 42.
Package thm-kv Info: kvsetkeys patch (v1.16 or later) on input line 158.
) (/usr/local/texlive/2022/texmf-dist/tex/latex/thmtools/thm-autoref.sty
Package: thm-autoref 2022/06/01 v0.73
 (/usr/local/texlive/2022/texmf-dist/tex/latex/thmtools/aliasctr.sty
Package: aliasctr 2022/06/01 v0.73
)) (/usr/local/texlive/2022/texmf-dist/tex/latex/thmtools/thm-listof.sty
Package: thm-listof 2022/06/01 v0.73
) (/usr/local/texlive/2022/texmf-dist/tex/latex/thmtools/thm-restate.sty
Package: thm-restate 2022/06/01 v0.73
) (/usr/local/texlive/2022/texmf-dist/tex/latex/thmtools/thm-amsthm.sty
Package: thm-amsthm 2022/06/01 v0.73
\thmt@style@headstyle=\toks61
)) (/usr/local/texlive/2022/texmf-dist/tex/latex/mdframed/mdframed.sty
Package: mdframed 2013/07/01 1.9b: mdframed
 (/usr/local/texlive/2022/texmf-dist/tex/latex/zref/zref-abspage.sty
Package: zref-abspage 2022-04-07 v2.34 Module abspage for zref (HO)
 (/usr/local/texlive/2022/texmf-dist/tex/latex/zref/zref-base.sty
Package: zref-base 2022-04-07 v2.34 Module base for zref (HO)
Package zref Info: New property list: main on input line 767.
Package zref Info: New property: default on input line 768.
Package zref Info: New property: page on input line 769.
)
\c@abspage=\count494
Package zref Info: New property: abspage on input line 65.
) (/usr/local/texlive/2022/texmf-dist/tex/latex/needspace/needspace.sty
Package: needspace 2010/09/12 v1.3d reserve vertical space
)
\mdf@templength=\skip109
\c@mdf@globalstyle@cnt=\count495
\mdf@skipabove@length=\skip110
\mdf@skipbelow@length=\skip111
\mdf@leftmargin@length=\skip112
\mdf@rightmargin@length=\skip113
\mdf@innerleftmargin@length=\skip114
\mdf@innerrightmargin@length=\skip115
\mdf@innertopmargin@length=\skip116
\mdf@innerbottommargin@length=\skip117
\mdf@splittopskip@length=\skip118
\mdf@splitbottomskip@length=\skip119
\mdf@outermargin@length=\skip120
\mdf@innermargin@length=\skip121
\mdf@linewidth@length=\skip122
\mdf@innerlinewidth@length=\skip123
\mdf@middlelinewidth@length=\skip124
\mdf@outerlinewidth@length=\skip125
\mdf@roundcorner@length=\skip126
\mdf@footenotedistance@length=\skip127
\mdf@userdefinedwidth@length=\skip128
\mdf@needspace@length=\skip129
\mdf@frametitleaboveskip@length=\skip130
\mdf@frametitlebelowskip@length=\skip131
\mdf@frametitlerulewidth@length=\skip132
\mdf@frametitleleftmargin@length=\skip133
\mdf@frametitlerightmargin@length=\skip134
\mdf@shadowsize@length=\skip135
\mdf@extratopheight@length=\skip136
\mdf@subtitleabovelinewidth@length=\skip137
\mdf@subtitlebelowlinewidth@length=\skip138
\mdf@subtitleaboveskip@length=\skip139
\mdf@subtitlebelowskip@length=\skip140
\mdf@subtitleinneraboveskip@length=\skip141
\mdf@subtitleinnerbelowskip@length=\skip142
\mdf@subsubtitleabovelinewidth@length=\skip143
\mdf@subsubtitlebelowlinewidth@length=\skip144
\mdf@subsubtitleaboveskip@length=\skip145
\mdf@subsubtitlebelowskip@length=\skip146
\mdf@subsubtitleinneraboveskip@length=\skip147
\mdf@subsubtitleinnerbelowskip@length=\skip148
 (/usr/local/texlive/2022/texmf-dist/tex/latex/mdframed/md-frame-1.mdf
File: md-frame-1.mdf 2013/07/01\ 1.9b: md-frame-1
)
\mdf@frametitlebox=\box135
\mdf@footnotebox=\box136
\mdf@splitbox@one=\box137
\mdf@splitbox@two=\box138
\mdf@splitbox@save=\box139
\mdfsplitboxwidth=\skip149
\mdfsplitboxtotalwidth=\skip150
\mdfsplitboxheight=\skip151
\mdfsplitboxdepth=\skip152
\mdfsplitboxtotalheight=\skip153
\mdfframetitleboxwidth=\skip154
\mdfframetitleboxtotalwidth=\skip155
\mdfframetitleboxheight=\skip156
\mdfframetitleboxdepth=\skip157
\mdfframetitleboxtotalheight=\skip158
\mdffootnoteboxwidth=\skip159
\mdffootnoteboxtotalwidth=\skip160
\mdffootnoteboxheight=\skip161
\mdffootnoteboxdepth=\skip162
\mdffootnoteboxtotalheight=\skip163
\mdftotallinewidth=\skip164
\mdfboundingboxwidth=\skip165
\mdfboundingboxtotalwidth=\skip166
\mdfboundingboxheight=\skip167
\mdfboundingboxdepth=\skip168
\mdfboundingboxtotalheight=\skip169
\mdf@freevspace@length=\skip170
\mdf@horizontalwidthofbox@length=\skip171
\mdf@verticalmarginwhole@length=\skip172
\mdf@horizontalspaceofbox=\skip173
\mdfsubtitleheight=\skip174
\mdfsubsubtitleheight=\skip175
\c@mdfcountframes=\count496

****** mdframed patching \endmdf@trivlist

****** -- success******

\mdf@envdepth=\count497
\c@mdf@env@i=\count498
\c@mdf@env@ii=\count499
\c@mdf@zref@counter=\count500
Package zref Info: New property: mdf@pagevalue on input line 895.
)
Package thmtools Info: Key `mdframed' (with value ` linewidth=2pt, rightline=false, topline=false, bottomline=false, linecolor=ForestGreen, backgroundcolor=ForestGreen!5, nobreak=false ')
(thmtools)             is not a known style key.
(thmtools)             Will pass this to every \declaretheorem
(thmtools)             that uses `style=thmgreenbox' on input line 87.
Package thmtools Info: Key `mdframed' (with value ` linewidth=2pt, rightline=false, topline=false, bottomline=false, linecolor=ForestGreen, backgroundcolor=ForestGreen!8, nobreak=false ')
(thmtools)             is not a known style key.
(thmtools)             Will pass this to every \declaretheorem
(thmtools)             that uses `style=thmgreen2box' on input line 97.
Package thmtools Info: Key `mdframed' (with value ` linewidth=2pt, rightline=false, topline=false, bottomline=false, linecolor=NavyBlue, backgroundcolor=NavyBlue!5, nobreak=false ')
(thmtools)             is not a known style key.
(thmtools)             Will pass this to every \declaretheorem
(thmtools)             that uses `style=thmbluebox' on input line 107.
Package thmtools Info: Key `mdframed' (with value ` linewidth=2pt, rightline=false, topline=false, bottomline=false, linecolor=TealBlue, nobreak=false ')
(thmtools)             is not a known style key.
(thmtools)             Will pass this to every \declaretheorem
(thmtools)             that uses `style=thmblueline' on input line 117.
Package thmtools Info: Key `mdframed' (with value ` linewidth=2pt, rightline=false, topline=false, bottomline=false, linecolor=RawSienna, backgroundcolor=RawSienna!5, nobreak=false ')
(thmtools)             is not a known style key.
(thmtools)             Will pass this to every \declaretheorem
(thmtools)             that uses `style=thmredbox' on input line 127.
Package thmtools Info: Key `mdframed' (with value ` linewidth=2pt, rightline=false, topline=false, bottomline=false, linecolor=RawSienna, backgroundcolor=RawSienna!8, nobreak=false ')
(thmtools)             is not a known style key.
(thmtools)             Will pass this to every \declaretheorem
(thmtools)             that uses `style=thmred2box' on input line 137.
Package thmtools Info: Key `mdframed' (with value ` linewidth=2pt, rightline=false, topline=false, bottomline=false, linecolor=SeaGreen, backgroundcolor=SeaGreen!2, nobreak=false ')
(thmtools)             is not a known style key.
(thmtools)             Will pass this to every \declaretheorem
(thmtools)             that uses `style=thmgreen3box' on input line 147.
Package thmtools Info: Key `mdframed' (with value ` linewidth=2pt, rightline=false, topline=false, bottomline=false, linecolor=WildStrawberry, backgroundcolor=WildStrawberry!5, nobreak=false ')
(thmtools)             is not a known style key.
(thmtools)             Will pass this to every \declaretheorem
(thmtools)             that uses `style=thmpinkbox' on input line 157.
Package thmtools Info: Key `mdframed' (with value ` linewidth=2pt, rightline=false, topline=false, bottomline=false, linecolor=MidnightBlue, backgroundcolor=MidnightBlue!5, nobreak=false ')
(thmtools)             is not a known style key.
(thmtools)             Will pass this to every \declaretheorem
(thmtools)             that uses `style=thmblue2box' on input line 167.
Package thmtools Info: Key `mdframed' (with value ` linewidth=2pt, rightline=false, topline=false, bottomline=false, linecolor=Gray, backgroundcolor=Gray!5, nobreak=false ')
(thmtools)             is not a known style key.
(thmtools)             Will pass this to every \declaretheorem
(thmtools)             that uses `style=notgraybox' on input line 177.
Package thmtools Info: Key `mdframed' (with value ` linewidth=2pt, rightline=false, topline=false, bottomline=false, linecolor=Gray, nobreak=false ')
(thmtools)             is not a known style key.
(thmtools)             Will pass this to every \declaretheorem
(thmtools)             that uses `style=notgrayline' on input line 187.
Package thmtools Info: Key `numbered' (with value `no')
(thmtools)             is not a known style key.
(thmtools)             Will pass this to every \declaretheorem
(thmtools)             that uses `style=thmexplanationbox' on input line 209.
Package thmtools Info: Key `mdframed' (with value ` linewidth=2pt, rightline=false, topline=false, bottomline=false, linecolor=NavyBlue, backgroundcolor=NavyBlue!1, nobreak=false ')
(thmtools)             is not a known style key.
(thmtools)             Will pass this to every \declaretheorem
(thmtools)             that uses `style=thmexplanationbox' on input line 209.
Package thmtools Info: Key `numbered' (with value `no')
(thmtools)             is not a known style key.
(thmtools)             Will pass this to every \declaretheorem
(thmtools)             that uses `style=thmanswerbox' on input line 220.
Package thmtools Info: Key `mdframed' (with value ` linewidth=2pt, rightline=false, topline=false, bottomline=false, linecolor=WildStrawberry, backgroundcolor=WildStrawberry!1, nobreak=false ')
(thmtools)             is not a known style key.
(thmtools)             Will pass this to every \declaretheorem
(thmtools)             that uses `style=thmanswerbox' on input line 220.
Package thmtools Info: Key `mdframed' (with value ` linewidth=2pt, rightline=false, topline=false, bottomline=false, linecolor=Violet, backgroundcolor=Violet!1, nobreak=false ')
(thmtools)             is not a known style key.
(thmtools)             Will pass this to every \declaretheorem
(thmtools)             that uses `style=conjpurplebox' on input line 230.
Package thmtools Info: Automatically pulling in `thmdef-mdframed' on input line 233.
 (/usr/local/texlive/2022/texmf-dist/tex/latex/thmtools/thmdef-mdframed.sty
Package: thmdef-mdframed 2022/06/01 v0.73
)
\c@definition=\count501
\c@theorem=\count502
\c@lemma=\count503
\c@proposition=\count504
\c@corollary=\count505
\c@problem=\count506
\c@conjecture=\count507
 (/usr/local/texlive/2022/texmf-dist/tex/latex/fancyhdr/fancyhdr.sty
Package: fancyhdr 2022/11/09 v4.1 Extensive control of page headers and footers
\f@nch@headwidth=\skip176
\f@nch@O@elh=\skip177
\f@nch@O@erh=\skip178
\f@nch@O@olh=\skip179
\f@nch@O@orh=\skip180
\f@nch@O@elf=\skip181
\f@nch@O@erf=\skip182
\f@nch@O@olf=\skip183
\f@nch@O@orf=\skip184
)

Package fancyhdr Warning: \fancyhead's `E' option without twoside option is useless.
(fancyhdr)                Please consider using the `twoside' option on input line 310.


Package fancyhdr Warning: \fancyhead's `E' option without twoside option is useless.
(fancyhdr)                Please consider using the `twoside' option on input line 312.


Package fancyhdr Warning: \fancyhead's `E' option without twoside option is useless.
(fancyhdr)                Please consider using the `twoside' option on input line 313.


Package fancyhdr Warning: \fancyfoot's `E' option without twoside option is useless.
(fancyhdr)                Please consider using the `twoside' option on input line 314.


Package fancyhdr Warning: \fancyfoot's `E' option without twoside option is useless.
(fancyhdr)                Please consider using the `twoside' option on input line 315.

(/usr/local/texlive/2022/texmf-dist/tex/latex/todonotes/todonotes.sty
Package: todonotes 2021/06/04 v1.1.5 Todonotes source and documentation.
Package: todonotes 2021/06/04
 (/usr/local/texlive/2022/texmf-dist/tex/latex/xkeyval/xkeyval.sty
Package: xkeyval 2022/06/16 v2.9 package option processing (HA)
 (/usr/local/texlive/2022/texmf-dist/tex/generic/xkeyval/xkeyval.tex (/usr/local/texlive/2022/texmf-dist/tex/generic/xkeyval/xkvutils.tex
\XKV@toks=\toks62
\XKV@tempa@toks=\toks63
)
\XKV@depth=\count508
File: xkeyval.tex 2014/12/03 v2.7a key=value parser (HA)
))
\c@@todonotes@numberoftodonotes=\count509
) (/usr/local/texlive/2022/texmf-dist/tex/latex/marginnote/marginnote.sty
Package: marginnote 2018/08/09 v1.4b non floating margin notes for LaTeX
\c@mn@abspage=\count510
) (/usr/local/texlive/2022/texmf-dist/tex/latex/appendix/appendix.sty
Package: appendix 2020/02/08 v1.2c extra appendix facilities
\c@@pps=\count511
\c@@ppsavesec=\count512
\c@@ppsaveapp=\count513
))
\@quotelevel=\count514
\@quotereset=\count515
Package translations Info: No language package found. I am going to use `english' as default language. on input line 9.
 (./master.aux

LaTeX Warning: Label `def:covariant-tensor-field' multiply defined.

)
\openout1 = `master.aux'.

LaTeX Font Info:    Checking defaults for OML/cmm/m/it on input line 9.
LaTeX Font Info:    ... okay on input line 9.
LaTeX Font Info:    Checking defaults for OMS/cmsy/m/n on input line 9.
LaTeX Font Info:    ... okay on input line 9.
LaTeX Font Info:    Checking defaults for OT1/cmr/m/n on input line 9.
LaTeX Font Info:    ... okay on input line 9.
LaTeX Font Info:    Checking defaults for T1/cmr/m/n on input line 9.
LaTeX Font Info:    ... okay on input line 9.
LaTeX Font Info:    Checking defaults for TS1/cmr/m/n on input line 9.
LaTeX Font Info:    ... okay on input line 9.
LaTeX Font Info:    Checking defaults for OMX/cmex/m/n on input line 9.
LaTeX Font Info:    ... okay on input line 9.
LaTeX Font Info:    Checking defaults for U/cmr/m/n on input line 9.
LaTeX Font Info:    ... okay on input line 9.
LaTeX Font Info:    Checking defaults for PD1/pdf/m/n on input line 9.
LaTeX Font Info:    ... okay on input line 9.
LaTeX Font Info:    Checking defaults for PU/pdf/m/n on input line 9.
LaTeX Font Info:    ... okay on input line 9.
Package biblatex Info: Trying to load language 'english'...
Package biblatex Info: ... file 'english.lbx' found.
 (/usr/local/texlive/2022/texmf-dist/tex/latex/biblatex/lbx/english.lbx
File: english.lbx 2022/07/12 v3.18b biblatex localization (PK/MW)
)
Package biblatex Info: Input encoding 'utf8' detected.
Package biblatex Info: Automatic encoding selection.
(biblatex)             Assuming data encoding 'utf8'.
\openout3 = `master.bcf'.

Package biblatex Info: Trying to load bibliographic data...
Package biblatex Info: ... file 'master.bbl' found.
 (./master.bbl)
Package biblatex Info: Reference section=0 on input line 9.
Package biblatex Info: Reference segment=0 on input line 9.
Package hyperref Info: Link coloring ON on input line 9.
 (./master.out) (./master.out)
\@outlinefile=\write5
\openout5 = `master.out'.

 (/usr/local/texlive/2022/texmf-dist/tex/context/base/mkii/supp-pdf.mkii
[Loading MPS to PDF converter (version 2006.09.02).]
\scratchcounter=\count516
\scratchdimen=\dimen348
\scratchbox=\box140
\nofMPsegments=\count517
\nofMParguments=\count518
\everyMPshowfont=\toks64
\MPscratchCnt=\count519
\MPscratchDim=\dimen349
\MPnumerator=\count520
\makeMPintoPDFobject=\count521
\everyMPtoPDFconversion=\toks65
) (/usr/local/texlive/2022/texmf-dist/tex/latex/epstopdf-pkg/epstopdf-base.sty
Package: epstopdf-base 2020-01-24 v2.11 Base part for package epstopdf
Package epstopdf-base Info: Redefining graphics rule for `.eps' on input line 485.
 (/usr/local/texlive/2022/texmf-dist/tex/latex/latexconfig/epstopdf-sys.cfg
File: epstopdf-sys.cfg 2010/07/13 v1.3 Configuration of (r)epstopdf for TeX Live
))
Package caption Info: Begin \AtBeginDocument code.
Package caption Info: End \AtBeginDocument code.
 (/usr/local/texlive/2022/texmf-dist/tex/latex/pdflscape/pdflscape.sty
Package: pdflscape 2022-10-27 v0.13 Display of landscape pages in PDF
 (/usr/local/texlive/2022/texmf-dist/tex/latex/pdflscape/pdflscape-nometadata.sty
Package: pdflscape-nometadata 2022-10-28 v0.13 Display of landscape pages in PDF (HO)
 (/usr/local/texlive/2022/texmf-dist/tex/latex/graphics/lscape.sty
Package: lscape 2020/05/28 v3.02 Landscape Pages (DPC)
)
Package pdflscape Info: Auto-detected driver: pdftex on input line 81.
))
*geometry* driver: auto-detecting
*geometry* detected driver: pdftex
*geometry* verbose mode - [ preamble ] result:
* driver: pdftex
* paper: a4paper
* layout: <same size as paper>
* layoutoffset:(h,v)=(0.0pt,0.0pt)
* modes: 
* h-part:(L,W,R)=(72.2698pt, 452.96826pt, 72.2698pt)
* v-part:(T,H,B)=(72.2698pt, 700.50723pt, 72.2698pt)
* \paperwidth=597.50787pt
* \paperheight=845.04684pt
* \textwidth=452.96826pt
* \textheight=700.50723pt
* \oddsidemargin=-0.00018pt
* \evensidemargin=-0.00018pt
* \topmargin=-37.00018pt
* \headheight=12.0pt
* \headsep=25.0pt
* \topskip=10.0pt
* \footskip=30.0pt
* \marginparwidth=57.0pt
* \marginparsep=11.0pt
* \columnsep=10.0pt
* \skip\footins=9.0pt plus 4.0pt minus 2.0pt
* \hoffset=0.0pt
* \voffset=0.0pt
* \mag=1000
* \@twocolumnfalse
* \@twosidefalse
* \@mparswitchfalse
* \@reversemarginfalse
* (1in=72.27pt=25.4mm, 1cm=28.453pt)


Package siunitx Warning: Detected the "physics" package:
(siunitx)                omitting definition of \qty.
(siunitx)                
(siunitx)                If you want to use \qty with the siunitx definition,
(siunitx)                add 
(siunitx)                
(siunitx)                    \AtBeginDocument{\RenewCommandCopy\qty\SI}
(siunitx)                
(siunitx)                to your preamble.

(/usr/local/texlive/2022/texmf-dist/tex/latex/translations/translations-basic-dictionary-english.trsl
File: translations-basic-dictionary-english.trsl (english translation file `translations-basic-dictionary')
)
Package translations Info: loading dictionary `translations-basic-dictionary' for `english'. on input line 9.

Package pgfplots notification 'compat/show suggested version=true': you might benefit from \pgfplotsset{compat=1.18} (current compat level: 1.13).

LaTeX Font Info:    Trying to load font information for U+stmry on input line 12.
(/usr/local/texlive/2022/texmf-dist/tex/latex/stmaryrd/Ustmry.fd)

LaTeX Font Warning: Font shape `U/stmry/b/n' undefined
(Font)              using `U/stmry/m/n' instead on input line 12.

LaTeX Font Info:    Trying to load font information for U+msa on input line 12.
(/usr/local/texlive/2022/texmf-dist/tex/latex/amsfonts/umsa.fd
File: umsa.fd 2013/01/14 v3.01 AMS symbols A
)
LaTeX Font Info:    Trying to load font information for U+msb on input line 12.
 (/usr/local/texlive/2022/texmf-dist/tex/latex/amsfonts/umsb.fd
File: umsb.fd 2013/01/14 v3.01 AMS symbols B
)
LaTeX Font Info:    Trying to load font information for U+rsfs on input line 12.
 (/usr/local/texlive/2022/texmf-dist/tex/latex/jknapltx/ursfs.fd
File: ursfs.fd 1998/03/24 rsfs font definition file (jk)
) [1

{/usr/local/texlive/2022/texmf-var/fonts/map/pdftex/updmap/pdftex.map}]
pdfTeX warning (ext4): destination with the same identifier (name{page.1}) has been already used, duplicate ignored
<to be read again> 
                   \relax 
l.18 \end{abstract}
                    [1]
Package marginnote Info: Using workaround for absolute page number on input line 18.
 (./master.toc)
\tf@toc=\write6
\openout6 = `master.toc'.

 (./Lectures/lec_1.tex
pdfTeX warning (ext4): destination with the same identifier (name{page.1}) has been already used, duplicate ignored
<to be read again> 
                   \relax 
l.1 \chapter
            {Smooth Manifolds} [1

]
Package marginnote Info: Using workaround for absolute page number on input line 1.

Chapter 1.
Package marginnote Info: Margin note 6.1 is on absolute page 6 on input line 3.
Package marginnote Info: right page because not two side mode on input line 3.
Package marginnote Info: xpos seems to be 72.2698pt on input line 3.
LaTeX Font Info:    Trying to load font information for T1+cmss on input line 3.
(/usr/local/texlive/2022/texmf-dist/tex/latex/base/t1cmss.fd
File: t1cmss.fd 2022/07/10 v2.5l Standard LaTeX font definitions
)
Package mdframed Info: mdframed detected package amsthm 
 changed the theorem header of amsthm
(mdframed)              on input line 6.
Package hyperref Info: bookmark level for unknown definition defaults to 0 on input line 6.
Package mdframed Info: mdframed detected package amsthm 
 changed the theorem header of amsthm
(mdframed)              on input line 8.
Package mdframed Info: mdframed inside a box 
 mdframed uses option nobreak mdframed on input line 10.
Package mdframed Info: mdframed detected package amsthm 
 changed the theorem header of amsthm
(mdframed)              on input line 11.
Package mdframed Info: mdframed inside a box 
 mdframed uses option nobreak mdframed on input line 16.
Package mdframed Info: mdframed detected package amsthm 
 changed the theorem header of amsthm
(mdframed)              on input line 17.
Package mdframed Info: mdframed inside a box 
 mdframed uses option nobreak mdframed on input line 19.
 (./Figures/coordinate-chart.pdf_tex
<./Figures//coordinate-chart.pdf, id=145, page=1, 682.86612pt x 113.81102pt>
File: ./Figures//coordinate-chart.pdf Graphic file (type pdf)
<use ./Figures//coordinate-chart.pdf, page 1>
Package pdftex.def Info: ./Figures//coordinate-chart.pdf , page1 used on input line 56.
(pdftex.def)             Requested size: 452.96826pt x 75.4958pt.
<./Figures//coordinate-chart.pdf, id=146, page=2, 682.86612pt x 113.81102pt>
File: ./Figures//coordinate-chart.pdf Graphic file (type pdf)
<use ./Figures//coordinate-chart.pdf, page 2>
Package pdftex.def Info: ./Figures//coordinate-chart.pdf , page2 used on input line 58.
(pdftex.def)             Requested size: 452.96826pt x 75.4958pt.
<./Figures//coordinate-chart.pdf, id=147, page=3, 682.86612pt x 113.81102pt>
File: ./Figures//coordinate-chart.pdf Graphic file (type pdf)
<use ./Figures//coordinate-chart.pdf, page 3>
Package pdftex.def Info: ./Figures//coordinate-chart.pdf , page3 used on input line 60.
(pdftex.def)             Requested size: 452.96826pt x 75.4958pt.
)
Package mdframed Info: mdframed detected package amsthm 
 changed the theorem header of amsthm
(mdframed)              on input line 28.
Package mdframed Info: mdframed detected package amsthm 
 changed the theorem header of amsthm
(mdframed)              on input line 34.
 [2

 <./Figures//coordinate-chart.pdf> <./Figures//coordinate-chart.pdf> <./Figures//coordinate-chart.pdf>]
Package mdframed Info: mdframed detected package amsthm 
 changed the theorem header of amsthm
(mdframed)              on input line 40.
 (./Figures/coordinate-transition.pdf_tex
<./Figures//coordinate-transition.pdf, id=188, page=1, 682.86612pt x 199.1693pt>
File: ./Figures//coordinate-transition.pdf Graphic file (type pdf)
<use ./Figures//coordinate-transition.pdf, page 1>
Package pdftex.def Info: ./Figures//coordinate-transition.pdf , page1 used on input line 56.
(pdftex.def)             Requested size: 452.96826pt x 132.11768pt.
<./Figures//coordinate-transition.pdf, id=189, page=2, 682.86612pt x 199.1693pt>
File: ./Figures//coordinate-transition.pdf Graphic file (type pdf)
<use ./Figures//coordinate-transition.pdf, page 2>
Package pdftex.def Info: ./Figures//coordinate-transition.pdf , page2 used on input line 59.
(pdftex.def)             Requested size: 452.96826pt x 132.11768pt.
<./Figures//coordinate-transition.pdf, id=190, page=3, 682.86612pt x 199.1693pt>
File: ./Figures//coordinate-transition.pdf Graphic file (type pdf)
<use ./Figures//coordinate-transition.pdf, page 3>
Package pdftex.def Info: ./Figures//coordinate-transition.pdf , page3 used on input line 63.
(pdftex.def)             Requested size: 452.96826pt x 132.11768pt.
<./Figures//coordinate-transition.pdf, id=191, page=4, 682.86612pt x 199.1693pt>
File: ./Figures//coordinate-transition.pdf Graphic file (type pdf)
<use ./Figures//coordinate-transition.pdf, page 4>
Package pdftex.def Info: ./Figures//coordinate-transition.pdf , page4 used on input line 66.
(pdftex.def)             Requested size: 452.96826pt x 132.11768pt.
)
Package mdframed Info: mdframed detected package amsthm 
 changed the theorem header of amsthm
(mdframed)              on input line 51.
Package mdframed Info: mdframed detected package amsthm 
 changed the theorem header of amsthm
(mdframed)              on input line 56.
Package hyperref Info: bookmark level for unknown remark defaults to 0 on input line 56.
Package mdframed Info: mdframed detected package amsthm 
 changed the theorem header of amsthm
(mdframed)              on input line 59.
Package mdframed Info: mdframed detected package amsthm 
 changed the theorem header of amsthm
(mdframed)              on input line 73.
Package hyperref Info: bookmark level for unknown notation defaults to 0 on input line 73.
Package mdframed Info: mdframed detected package amsthm 
 changed the theorem header of amsthm
(mdframed)              on input line 79.
Package mdframed Info: mdframed detected package amsthm 
 changed the theorem header of amsthm
(mdframed)              on input line 84.
Package mdframed Info: mdframed detected package amsthm 
 changed the theorem header of amsthm
(mdframed)              on input line 87.
Package mdframed Info: mdframed detected package amsthm 
 changed the theorem header of amsthm
(mdframed)              on input line 94.
 [3 <./Figures//coordinate-transition.pdf> <./Figures//coordinate-transition.pdf> <./Figures//coordinate-transition.pdf> <./Figures//coordinate-transition.pdf>]
Package mdframed Info: Not enough space on this page on input line 95.
Package mdframed Info: mdframed detected package amsthm 
 changed the theorem header of amsthm
(mdframed)              on input line 98.
Package mdframed Info: mdframed detected package amsthm 
 changed the theorem header of amsthm
(mdframed)              on input line 101.
Package hyperref Info: bookmark level for unknown tmpexplanation defaults to 0 on input line 101.
Package mdframed Info: mdframed detected package amsthm 
 changed the theorem header of amsthm
(mdframed)              on input line 108.
Package hyperref Info: bookmark level for unknown definition* defaults to 0 on input line 108.
Package mdframed Info: mdframed detected package amsthm 
 changed the theorem header of amsthm
(mdframed)              on input line 109.
Package mdframed Info: mdframed inside a box 
 mdframed uses option nobreak mdframed on input line 111.
Package mdframed Info: mdframed detected package amsthm 
 changed the theorem header of amsthm
(mdframed)              on input line 113.
Package mdframed Info: mdframed inside a box 
 mdframed uses option nobreak mdframed on input line 115.
Package mdframed Info: mdframed detected package amsthm 
 changed the theorem header of amsthm
(mdframed)              on input line 120.
Package mdframed Info: mdframed detected package amsthm 
 changed the theorem header of amsthm
(mdframed)              on input line 127.
Package mdframed Info: mdframed detected package amsthm 
 changed the theorem header of amsthm
(mdframed)              on input line 131.
Package mdframed Info: mdframed detected package amsthm 
 changed the theorem header of amsthm
(mdframed)              on input line 136.
Package hyperref Info: bookmark level for unknown eg defaults to 0 on input line 136.
Package mdframed Info: mdframed detected package amsthm 
 changed the theorem header of amsthm
(mdframed)              on input line 149.
LaTeX Font Info:    Trying to load font information for U+bbm on input line 149.
 (/usr/local/texlive/2022/texmf-dist/tex/latex/bbm-macros/ubbm.fd
File: ubbm.fd 1999/03/15 V 1.2 Font definition for bbm font - TH
)
Package mdframed Info: mdframed detected package amsthm 
 changed the theorem header of amsthm
(mdframed)              on input line 153.
Package mdframed Info: mdframed detected package amsthm 
 changed the theorem header of amsthm
(mdframed)              on input line 156.
Package mdframed Info: mdframed detected package amsthm 
 changed the theorem header of amsthm
(mdframed)              on input line 160.
Package mdframed Info: mdframed detected package amsthm 
 changed the theorem header of amsthm
(mdframed)              on input line 164.
 [4]
Package mdframed Info: Not enough space on this page on input line 169.
Package mdframed Info: mdframed detected package amsthm 
 changed the theorem header of amsthm
(mdframed)              on input line 172.
Package hyperref Info: bookmark level for unknown note defaults to 0 on input line 172.
) (./Lectures/lec_2.tex
Package marginnote Info: Margin note 9.1 is on absolute page 9 on input line 2.
Package marginnote Info: right page because not two side mode on input line 2.
Package marginnote Info: xpos seems to be 72.2698pt on input line 2.
Package mdframed Info: mdframed detected package amsthm 
 changed the theorem header of amsthm
(mdframed)              on input line 5.
 (./Figures/maps-between-manifolds.pdf_tex
<./Figures//maps-between-manifolds.pdf, id=289, page=1, 682.86612pt x 187.78818pt>
File: ./Figures//maps-between-manifolds.pdf Graphic file (type pdf)
<use ./Figures//maps-between-manifolds.pdf, page 1>
Package pdftex.def Info: ./Figures//maps-between-manifolds.pdf , page1 used on input line 56.
(pdftex.def)             Requested size: 452.96826pt x 124.56808pt.
<./Figures//maps-between-manifolds.pdf, id=290, page=2, 682.86612pt x 187.78818pt>
File: ./Figures//maps-between-manifolds.pdf Graphic file (type pdf)
<use ./Figures//maps-between-manifolds.pdf, page 2>
Package pdftex.def Info: ./Figures//maps-between-manifolds.pdf , page2 used on input line 59.
(pdftex.def)             Requested size: 452.96826pt x 124.56808pt.
<./Figures//maps-between-manifolds.pdf, id=291, page=3, 682.86612pt x 187.78818pt>
File: ./Figures//maps-between-manifolds.pdf Graphic file (type pdf)
<use ./Figures//maps-between-manifolds.pdf, page 3>
Package pdftex.def Info: ./Figures//maps-between-manifolds.pdf , page3 used on input line 62.
(pdftex.def)             Requested size: 452.96826pt x 124.56808pt.
<./Figures//maps-between-manifolds.pdf, id=292, page=4, 682.86612pt x 187.78818pt>
File: ./Figures//maps-between-manifolds.pdf Graphic file (type pdf)
<use ./Figures//maps-between-manifolds.pdf, page 4>
Package pdftex.def Info: ./Figures//maps-between-manifolds.pdf , page4 used on input line 64.
(pdftex.def)             Requested size: 452.96826pt x 124.56808pt.
<./Figures//maps-between-manifolds.pdf, id=293, page=5, 682.86612pt x 187.78818pt>
File: ./Figures//maps-between-manifolds.pdf Graphic file (type pdf)
<use ./Figures//maps-between-manifolds.pdf, page 5>
Package pdftex.def Info: ./Figures//maps-between-manifolds.pdf , page5 used on input line 67.
(pdftex.def)             Requested size: 452.96826pt x 124.56808pt.
<./Figures//maps-between-manifolds.pdf, id=294, page=6, 682.86612pt x 187.78818pt>
File: ./Figures//maps-between-manifolds.pdf Graphic file (type pdf)
<use ./Figures//maps-between-manifolds.pdf, page 6>
Package pdftex.def Info: ./Figures//maps-between-manifolds.pdf , page6 used on input line 71.
(pdftex.def)             Requested size: 452.96826pt x 124.56808pt.
<./Figures//maps-between-manifolds.pdf, id=295, page=7, 682.86612pt x 187.78818pt>
File: ./Figures//maps-between-manifolds.pdf Graphic file (type pdf)
<use ./Figures//maps-between-manifolds.pdf, page 7>
Package pdftex.def Info: ./Figures//maps-between-manifolds.pdf , page7 used on input line 73.
(pdftex.def)             Requested size: 452.96826pt x 124.56808pt.
)
Package mdframed Info: mdframed detected package amsthm 
 changed the theorem header of amsthm
(mdframed)              on input line 18.
Package mdframed Info: mdframed detected package amsthm 
 changed the theorem header of amsthm
(mdframed)              on input line 22.
Package mdframed Info: mdframed detected package amsthm 
 changed the theorem header of amsthm
(mdframed)              on input line 23.
Package mdframed Info: mdframed inside a box 
 mdframed uses option nobreak mdframed on input line 25.
Package mdframed Info: mdframed detected package amsthm 
 changed the theorem header of amsthm
(mdframed)              on input line 26.
Package mdframed Info: mdframed inside a box 
 mdframed uses option nobreak mdframed on input line 28.
Package hyperref Info: bookmark level for unknown todo defaults to 0 on input line 31.
Package marginnote Info: Margin note 9.2 is on absolute page 9 on input line 31.
Package marginnote Info: right page because not two side mode on input line 31.
Package marginnote Info: xpos seems to be 93.93118pt on input line 31.
 [5 <./Figures//maps-between-manifolds.pdf> <./Figures//maps-between-manifolds.pdf> <./Figures//maps-between-manifolds.pdf> <./Figures//maps-between-manifolds.pdf> <./Figures//maps-between-manifolds.pdf> <./Figures//maps-between-manifolds.pdf> <./Figures//maps-between-manifolds.pdf>]
Package mdframed Info: mdframed detected package amsthm 
 changed the theorem header of amsthm
(mdframed)              on input line 42.
Package mdframed Info: mdframed detected package amsthm 
 changed the theorem header of amsthm
(mdframed)              on input line 47.
Package mdframed Info: mdframed detected package amsthm 
 changed the theorem header of amsthm
(mdframed)              on input line 53.
Package hyperref Info: bookmark level for unknown intuition defaults to 0 on input line 53.
Package mdframed Info: mdframed detected package amsthm 
 changed the theorem header of amsthm
(mdframed)              on input line 64.
Package mdframed Info: mdframed detected package amsthm 
 changed the theorem header of amsthm
(mdframed)              on input line 68.
 (./Figures/Grassmannian-transition.pdf_tex
<./Figures//grassmannian-transition.pdf, id=348, page=1, 682.86612pt x 170.71654pt>
File: ./Figures//grassmannian-transition.pdf Graphic file (type pdf)
<use ./Figures//grassmannian-transition.pdf, page 1>
Package pdftex.def Info: ./Figures//grassmannian-transition.pdf , page1 used on input line 56.
(pdftex.def)             Requested size: 452.96826pt x 113.24373pt.
<./Figures//grassmannian-transition.pdf, id=349, page=2, 682.86612pt x 170.71654pt>
File: ./Figures//grassmannian-transition.pdf Graphic file (type pdf)
<use ./Figures//grassmannian-transition.pdf, page 2>
Package pdftex.def Info: ./Figures//grassmannian-transition.pdf , page2 used on input line 58.
(pdftex.def)             Requested size: 452.96826pt x 113.24373pt.
<./Figures//grassmannian-transition.pdf, id=350, page=3, 682.86612pt x 170.71654pt>
File: ./Figures//grassmannian-transition.pdf Graphic file (type pdf)
<use ./Figures//grassmannian-transition.pdf, page 3>
Package pdftex.def Info: ./Figures//grassmannian-transition.pdf , page3 used on input line 60.
(pdftex.def)             Requested size: 452.96826pt x 113.24373pt.
<./Figures//grassmannian-transition.pdf, id=351, page=4, 682.86612pt x 170.71654pt>
File: ./Figures//grassmannian-transition.pdf Graphic file (type pdf)
<use ./Figures//grassmannian-transition.pdf, page 4>
Package pdftex.def Info: ./Figures//grassmannian-transition.pdf , page4 used on input line 62.
(pdftex.def)             Requested size: 452.96826pt x 113.24373pt.
<./Figures//grassmannian-transition.pdf, id=352, page=5, 682.86612pt x 170.71654pt>
File: ./Figures//grassmannian-transition.pdf Graphic file (type pdf)
<use ./Figures//grassmannian-transition.pdf, page 5>
Package pdftex.def Info: ./Figures//grassmannian-transition.pdf , page5 used on input line 64.
(pdftex.def)             Requested size: 452.96826pt x 113.24373pt.
<./Figures//grassmannian-transition.pdf, id=353, page=6, 682.86612pt x 170.71654pt>
File: ./Figures//grassmannian-transition.pdf Graphic file (type pdf)
<use ./Figures//grassmannian-transition.pdf, page 6>
Package pdftex.def Info: ./Figures//grassmannian-transition.pdf , page6 used on input line 66.
(pdftex.def)             Requested size: 452.96826pt x 113.24373pt.
<./Figures//grassmannian-transition.pdf, id=354, page=7, 682.86612pt x 170.71654pt>
File: ./Figures//grassmannian-transition.pdf Graphic file (type pdf)
<use ./Figures//grassmannian-transition.pdf, page 7>
Package pdftex.def Info: ./Figures//grassmannian-transition.pdf , page7 used on input line 68.
(pdftex.def)             Requested size: 452.96826pt x 113.24373pt.
)
Package mdframed Info: mdframed detected package amsthm 
 changed the theorem header of amsthm
(mdframed)              on input line 93.


Package mdframed Warning: You got a bad break
(mdframed)                because the last box will be empty
(mdframed)                you have to change it manually
(mdframed)                by changing the text, the space
(mdframed)                or something else on input line 98.

Package mdframed Info: Box was splittet wrong
 starting loop to iterate the splitting point
(mdframed)              on input line 98.
[6 <./Figures//grassmannian-transition.pdf> <./Figures//grassmannian-transition.pdf> <./Figures//grassmannian-transition.pdf> <./Figures//grassmannian-transition.pdf> <./Figures//grassmannian-transition.pdf> <./Figures//grassmannian-transition.pdf> <./Figures//grassmannian-transition.pdf>]
Package mdframed Info: mdframed detected package amsthm 
 changed the theorem header of amsthm
(mdframed)              on input line 107.
Package mdframed Info: mdframed detected package amsthm 
 changed the theorem header of amsthm
(mdframed)              on input line 113.
Package mdframed Info: mdframed detected package amsthm 
 changed the theorem header of amsthm
(mdframed)              on input line 117.
Package mdframed Info: mdframed detected package amsthm 
 changed the theorem header of amsthm
(mdframed)              on input line 122.
Package hyperref Info: bookmark level for unknown lemma defaults to 0 on input line 122.
Package mdframed Info: mdframed detected package amsthm 
 changed the theorem header of amsthm
(mdframed)              on input line 125.
Package mdframed Info: mdframed detected package amsthm 
 changed the theorem header of amsthm
(mdframed)              on input line 129.
Package mdframed Info: mdframed detected package amsthm 
 changed the theorem header of amsthm
(mdframed)              on input line 132.
 (./Figures/stereographic-projection.pdf_tex
<./Figures//stereographic-projection.pdf, id=394, page=1, 682.86612pt x 199.1693pt>
File: ./Figures//stereographic-projection.pdf Graphic file (type pdf)
<use ./Figures//stereographic-projection.pdf, page 1>
Package pdftex.def Info: ./Figures//stereographic-projection.pdf , page1 used on input line 56.
(pdftex.def)             Requested size: 430.96826pt x 125.7022pt.
<./Figures//stereographic-projection.pdf, id=395, page=2, 682.86612pt x 199.1693pt>
File: ./Figures//stereographic-projection.pdf Graphic file (type pdf)
<use ./Figures//stereographic-projection.pdf, page 2>
Package pdftex.def Info: ./Figures//stereographic-projection.pdf , page2 used on input line 59.
(pdftex.def)             Requested size: 430.96826pt x 125.7022pt.
<./Figures//stereographic-projection.pdf, id=396, page=3, 682.86612pt x 199.1693pt>
File: ./Figures//stereographic-projection.pdf Graphic file (type pdf)
<use ./Figures//stereographic-projection.pdf, page 3>
Package pdftex.def Info: ./Figures//stereographic-projection.pdf , page3 used on input line 61.
(pdftex.def)             Requested size: 430.96826pt x 125.7022pt.
<./Figures//stereographic-projection.pdf, id=397, page=4, 682.86612pt x 199.1693pt>
File: ./Figures//stereographic-projection.pdf Graphic file (type pdf)
<use ./Figures//stereographic-projection.pdf, page 4>
Package pdftex.def Info: ./Figures//stereographic-projection.pdf , page4 used on input line 66.
(pdftex.def)             Requested size: 430.96826pt x 125.7022pt.
<./Figures//stereographic-projection.pdf, id=398, page=5, 682.86612pt x 199.1693pt>
File: ./Figures//stereographic-projection.pdf Graphic file (type pdf)
<use ./Figures//stereographic-projection.pdf, page 5>
Package pdftex.def Info: ./Figures//stereographic-projection.pdf , page5 used on input line 69.
(pdftex.def)             Requested size: 430.96826pt x 125.7022pt.
)
Overfull \hbox (2.2664pt too wide) in paragraph at lines 153--155
\T1/cmr/m/n/10 This im-plies that $[]$ is a [][]dif-fer-en-tiable struc-ture[][] for $\OML/cmm/m/it/10 S[]$\T1/cmr/m/n/10 . Now, con-sider $\OML/cmm/m/it/10 ^^Y[]\OT1/cmr/m/n/10 (\U/msb/m/n/10 R[]\OT1/cmr/m/n/10 ) \OMS/cmsy/m/n/10 \
 []

Package mdframed Info: Box was splittet wrong
 starting loop to iterate the splitting point
(mdframed)              on input line 155.
[7 <./Figures//stereographic-projection.pdf> <./Figures//stereographic-projection.pdf> <./Figures//stereographic-projection.pdf> <./Figures//stereographic-projection.pdf> <./Figures//stereographic-projection.pdf>]) (./Lectures/lec_3.tex
Package marginnote Info: Margin note 12.1 is on absolute page 12 on input line 2.
Package marginnote Info: right page because not two side mode on input line 2.
Package marginnote Info: xpos seems to be 72.2698pt on input line 2.
Package mdframed Info: mdframed detected package amsthm 
 changed the theorem header of amsthm
(mdframed)              on input line 5.
Package mdframed Info: mdframed detected package amsthm 
 changed the theorem header of amsthm
(mdframed)              on input line 13.
Package mdframed Info: mdframed detected package amsthm 
 changed the theorem header of amsthm
(mdframed)              on input line 19.
Package mdframed Info: mdframed detected package amsthm 
 changed the theorem header of amsthm
(mdframed)              on input line 24.
Package hyperref Info: bookmark level for unknown prev defaults to 0 on input line 24.
Package mdframed Info: mdframed detected package amsthm 
 changed the theorem header of amsthm
(mdframed)              on input line 31.
Package mdframed Info: mdframed detected package amsthm 
 changed the theorem header of amsthm
(mdframed)              on input line 37.
 [8]
Package mdframed Info: mdframed detected package amsthm 
 changed the theorem header of amsthm
(mdframed)              on input line 46.
Package mdframed Info: mdframed detected package amsthm 
 changed the theorem header of amsthm
(mdframed)              on input line 55.
Package mdframed Info: mdframed detected package amsthm 
 changed the theorem header of amsthm
(mdframed)              on input line 56.
Package mdframed Info: mdframed inside a box 
 mdframed uses option nobreak mdframed on input line 58.
Package mdframed Info: mdframed detected package amsthm 
 changed the theorem header of amsthm
(mdframed)              on input line 59.
Package mdframed Info: mdframed inside a box 
 mdframed uses option nobreak mdframed on input line 61.
Package mdframed Info: mdframed detected package amsthm 
 changed the theorem header of amsthm
(mdframed)              on input line 66.
Package mdframed Info: mdframed detected package amsthm 
 changed the theorem header of amsthm
(mdframed)              on input line 70.
Package mdframed Info: mdframed detected package amsthm 
 changed the theorem header of amsthm
(mdframed)              on input line 78.
Package mdframed Info: mdframed detected package amsthm 
 changed the theorem header of amsthm
(mdframed)              on input line 82.
Package mdframed Info: mdframed detected package amsthm 
 changed the theorem header of amsthm
(mdframed)              on input line 87.
Package mdframed Info: mdframed detected package amsthm 
 changed the theorem header of amsthm
(mdframed)              on input line 96.
Package mdframed Info: Not enough space on this page on input line 97.
 [9]
Package mdframed Info: Not enough space on this page on input line 97.
Package mdframed Info: mdframed detected package amsthm 
 changed the theorem header of amsthm
(mdframed)              on input line 109.
Package mdframed Info: mdframed detected package amsthm 
 changed the theorem header of amsthm
(mdframed)              on input line 123.
Package mdframed Info: mdframed detected package amsthm 
 changed the theorem header of amsthm
(mdframed)              on input line 129.
 (./Figures/tangent-space.pdf_tex
<./Figures//tangent-space.pdf, id=526, page=1, 682.86612pt x 93.89409pt>
File: ./Figures//tangent-space.pdf Graphic file (type pdf)
<use ./Figures//tangent-space.pdf, page 1>
Package pdftex.def Info: ./Figures//tangent-space.pdf , page1 used on input line 56.
(pdftex.def)             Requested size: 430.96826pt x 59.2596pt.
<./Figures//tangent-space.pdf, id=527, page=2, 682.86612pt x 93.89409pt>
File: ./Figures//tangent-space.pdf Graphic file (type pdf)
<use ./Figures//tangent-space.pdf, page 2>
Package pdftex.def Info: ./Figures//tangent-space.pdf , page2 used on input line 60.
(pdftex.def)             Requested size: 430.96826pt x 59.2596pt.
)
Package mdframed Info: mdframed detected package amsthm 
 changed the theorem header of amsthm
(mdframed)              on input line 139.
Package mdframed Info: mdframed detected package amsthm 
 changed the theorem header of amsthm
(mdframed)              on input line 143.
 [10 <./Figures//tangent-space.pdf> <./Figures//tangent-space.pdf>] (./Figures/differential.pdf_tex
<./Figures//differential.pdf, id=561, page=1, 682.86612pt x 93.89409pt>
File: ./Figures//differential.pdf Graphic file (type pdf)
<use ./Figures//differential.pdf, page 1>
Package pdftex.def Info: ./Figures//differential.pdf , page1 used on input line 56.
(pdftex.def)             Requested size: 452.96826pt x 62.28404pt.
<./Figures//differential.pdf, id=562, page=2, 682.86612pt x 93.89409pt>
File: ./Figures//differential.pdf Graphic file (type pdf)
<use ./Figures//differential.pdf, page 2>
Package pdftex.def Info: ./Figures//differential.pdf , page2 used on input line 60.
(pdftex.def)             Requested size: 452.96826pt x 62.28404pt.
<./Figures//differential.pdf, id=563, page=3, 682.86612pt x 93.89409pt>
File: ./Figures//differential.pdf Graphic file (type pdf)
<use ./Figures//differential.pdf, page 3>
Package pdftex.def Info: ./Figures//differential.pdf , page3 used on input line 64.
(pdftex.def)             Requested size: 452.96826pt x 62.28404pt.
<./Figures//differential.pdf, id=564, page=4, 682.86612pt x 93.89409pt>
File: ./Figures//differential.pdf Graphic file (type pdf)
<use ./Figures//differential.pdf, page 4>
Package pdftex.def Info: ./Figures//differential.pdf , page4 used on input line 66.
(pdftex.def)             Requested size: 452.96826pt x 62.28404pt.
<./Figures//differential.pdf, id=565, page=5, 682.86612pt x 93.89409pt>
File: ./Figures//differential.pdf Graphic file (type pdf)
<use ./Figures//differential.pdf, page 5>
Package pdftex.def Info: ./Figures//differential.pdf , page5 used on input line 68.
(pdftex.def)             Requested size: 452.96826pt x 62.28404pt.
)) (./Lectures/lec_4.tex
Package marginnote Info: Margin note 15.1 is on absolute page 15 on input line 2.
Package marginnote Info: right page because not two side mode on input line 2.
Package marginnote Info: xpos seems to be 72.2698pt on input line 2.
Package mdframed Info: mdframed detected package amsthm 
 changed the theorem header of amsthm
(mdframed)              on input line 3.
Package mdframed Info: mdframed detected package amsthm 
 changed the theorem header of amsthm
(mdframed)              on input line 5.
Package mdframed Info: mdframed inside a box 
 mdframed uses option nobreak mdframed on input line 7.
Package mdframed Info: mdframed detected package amsthm 
 changed the theorem header of amsthm
(mdframed)              on input line 8.
Package mdframed Info: mdframed inside a box 
 mdframed uses option nobreak mdframed on input line 10.
Package mdframed Info: mdframed detected package amsthm 
 changed the theorem header of amsthm
(mdframed)              on input line 14.
Package mdframed Info: mdframed detected package amsthm 
 changed the theorem header of amsthm
(mdframed)              on input line 23.
Package mdframed Info: mdframed detected package amsthm 
 changed the theorem header of amsthm
(mdframed)              on input line 34.
Package mdframed Info: mdframed detected package amsthm 
 changed the theorem header of amsthm
(mdframed)              on input line 37.
Package mdframed Info: mdframed inside a box 
 mdframed uses option nobreak mdframed on input line 39.
Package mdframed Info: mdframed detected package amsthm 
 changed the theorem header of amsthm
(mdframed)              on input line 46.
Package mdframed Info: mdframed detected pac