\BOOKMARK [0][-]{chapter.1}{\376\377\000S\000m\000o\000o\000t\000h\000\040\000M\000a\000n\000i\000f\000o\000l\000d\000s}{}% 1
\BOOKMARK [1][-]{section.1.1}{\376\377\000T\000o\000p\000o\000l\000o\000g\000i\000c\000a\000l\000\040\000M\000a\000n\000i\000f\000o\000l\000d\000s}{chapter.1}% 2
\BOOKMARK [1][-]{section.1.2}{\376\377\000D\000i\000f\000f\000e\000r\000e\000n\000t\000i\000a\000b\000l\000e\000\040\000M\000a\000n\000i\000f\000o\000l\000d\000s}{chapter.1}% 3
\BOOKMARK [1][-]{section.1.3}{\376\377\000P\000a\000r\000t\000i\000t\000i\000o\000n\000\040\000o\000f\000\040\000U\000n\000i\000t\000y}{chapter.1}% 4
\BOOKMARK [1][-]{section.1.4}{\376\377\000T\000a\000n\000g\000e\000n\000t\000\040\000a\000n\000d\000\040\000C\000o\000t\000a\000n\000g\000e\000n\000t\000\040\000S\000p\000a\000c\000e\000s}{chapter.1}% 5
\BOOKMARK [1][-]{section.1.5}{\376\377\000V\000e\000c\000t\000o\000r\000\040\000F\000i\000e\000l\000d\000s\000\040\000a\000n\000d\000\040\000B\000r\000a\000c\000k\000e\000t\000s}{chapter.1}% 6
\BOOKMARK [1][-]{section.1.6}{\376\377\000S\000u\000b\000m\000a\000n\000i\000f\000o\000l\000d\000s\000,\000\040\000I\000m\000m\000e\000r\000s\000i\000o\000n\000s\000,\000\040\000a\000n\000d\000\040\000E\000m\000b\000e\000d\000d\000i\000n\000g\000s}{chapter.1}% 7
\BOOKMARK [0][-]{chapter.2}{\376\377\000R\000i\000e\000m\000a\000n\000n\000i\000a\000n\000\040\000M\000a\000n\000i\000f\000o\000l\000d\000s}{}% 8
\BOOKMARK [1][-]{section.2.1}{\376\377\000R\000i\000e\000m\000a\000n\000n\000i\000a\000n\000\040\000M\000e\000t\000r\000i\000c\000s}{chapter.2}% 9
\BOOKMARK [1][-]{section.2.2}{\376\377\000G\000e\000o\000d\000e\000s\000i\000c\000s}{chapter.2}% 10
\BOOKMARK [1][-]{section.2.3}{\376\377\000H\000o\000p\000f\000-\000R\000i\000n\000o\000w\000\040\000T\000h\000e\000o\000r\000e\000m}{chapter.2}% 11
\BOOKMARK [1][-]{section.2.4}{\376\377\000V\000e\000c\000t\000o\000r\000\040\000B\000u\000n\000d\000l\000e\000s\000\040\000a\000n\000d\000\040\000T\000e\000n\000s\000o\000r\000\040\000F\000i\000e\000l\000d\000s}{chapter.2}% 12
\BOOKMARK [1][-]{section.2.5}{\376\377\000O\000t\000h\000e\000r\000\040\000M\000e\000t\000r\000i\000c\000s}{chapter.2}% 13
\BOOKMARK [0][-]{chapter.3}{\376\377\000C\000o\000n\000n\000e\000c\000t\000i\000o\000n\000s\000\040\000a\000n\000d\000\040\000C\000u\000r\000v\000a\000t\000u\000r\000e\000s}{}% 14
\BOOKMARK [1][-]{section.3.1}{\376\377\000L\000e\000v\000i\000-\000C\000i\000v\000i\000t\000a\000\040\000C\000o\000n\000n\000e\000c\000t\000i\000o\000n\000s}{chapter.3}% 15
\BOOKMARK [1][-]{section.3.2}{\376\377\000R\000i\000e\000m\000a\000n\000n\000i\000a\000n\000\040\000C\000u\000r\000v\000a\000t\000u\000r\000e\000s}{chapter.3}% 16
\BOOKMARK [1][-]{section.3.3}{\376\377\000F\000l\000o\000w\000s\000\040\000o\000f\000\040\000V\000e\000c\000t\000o\000r\000\040\000F\000i\000e\000l\000d\000s}{chapter.3}% 17
\BOOKMARK [1][-]{section.3.4}{\376\377\000C\000o\000v\000a\000r\000i\000a\000n\000t\000\040\000D\000e\000r\000i\000v\000a\000t\000i\000v\000e\000s\000\040\000a\000n\000d\000\040\000P\000a\000r\000a\000l\000l\000e\000l\000i\000s\000m}{chapter.3}% 18
\BOOKMARK [1][-]{section.3.5}{\376\377\000M\000o\000r\000e\000\040\000o\000n\000\040\000T\000a\000n\000g\000e\000n\000t\000\040\000a\000n\000d\000\040\000C\000o\000t\000a\000n\000g\000e\000n\000t\000\040\000B\000u\000n\000d\000l\000e\000s}{chapter.3}% 19
\BOOKMARK [1][-]{section.3.6}{\376\377\000S\000e\000c\000t\000i\000o\000n\000a\000l\000\040\000C\000u\000r\000v\000a\000t\000u\000r\000e\000s}{chapter.3}% 20
\BOOKMARK [1][-]{section.3.7}{\376\377\000M\000o\000r\000e\000\040\000o\000n\000\040\000C\000o\000v\000a\000r\000i\000a\000n\000t\000\040\000D\000e\000r\000i\000v\000a\000t\000i\000v\000e\000s}{chapter.3}% 21
\BOOKMARK [0][-]{chapter.4}{\376\377\000I\000s\000o\000m\000e\000t\000r\000i\000c\000\040\000I\000m\000m\000e\000r\000s\000i\000o\000n\000s}{}% 22
\BOOKMARK [1][-]{section.4.1}{\376\377\000R\000i\000e\000m\000a\000n\000n\000i\000a\000n\000\040\000C\000o\000v\000e\000r\000i\000n\000g\000\040\000M\000a\000p\000s}{chapter.4}% 23
\BOOKMARK [1][-]{section.4.2}{\376\377\000