\BOOKMARK [0][-]{chapter.1}{\376\377\000G\000r\000a\000p\000h}{}% 1
\BOOKMARK [1][-]{section.1.1}{\376\377\000B\000a\000s\000i\000c\000\040\000D\000e\000f\000i\000n\000i\000t\000i\000o\000n}{chapter.1}% 2
\BOOKMARK [1][-]{section.1.2}{\376\377\000M\000a\000t\000r\000i\000c\000e\000s\000\040\000A\000s\000s\000o\000c\000i\000a\000t\000e\000d\000\040\000w\000i\000t\000h\000\040\000G\000r\000a\000p\000h\000s}{chapter.1}% 3
\BOOKMARK [0][-]{chapter.2}{\376\377\000N\000e\000t\000w\000o\000r\000k}{}% 4
\BOOKMARK [1][-]{section.2.1}{\376\377\000M\000e\000a\000s\000u\000r\000i\000n\000g\000\040\000C\000o\000n\000n\000e\000c\000t\000i\000v\000i\000t\000y}{chapter.2}% 5
\BOOKMARK [1][-]{section.2.2}{\376\377\000T\000r\000i\000a\000d\000i\000c\000\040\000c\000l\000o\000s\000u\000r\000e\000\040\000a\000n\000d\000\040\000O\000v\000e\000r\000l\000a\000p\000p\000i\000n\000g\000\040\000T\000r\000i\000a\000n\000g\000l\000e\000s}{chapter.2}% 6
\BOOKMARK [0][-]{chapter.3}{\376\377\000P\000a\000r\000t\000i\000t\000i\000o\000n\000\040\000a\000\040\000N\000e\000t\000w\000o\000r\000k}{}% 7
\BOOKMARK [1][-]{section.3.1}{\376\377\000G\000i\000r\000v\000a\000n\000-\000N\000e\000w\000m\000a\000n\000\040\000m\000e\000t\000h\000o\000d}{chapter.3}% 8
\BOOKMARK [1][-]{section.3.2}{\376\377\000A\000l\000g\000o\000r\000i\000t\000h\000m\000\040\000s\000i\000m\000i\000l\000a\000r\000\040\000t\000o\000\040\000B\000F\000S\000\040\000t\000o\000\040\000f\000i\000n\000d\000\040\000t\000h\000e\000\040\000d\000i\000s\000t\000a\000n\000c\000e\000\040\000b\000e\000t\000w\000e\000e\000n\000\040\000n\000o\000d\000e\000s}{chapter.3}% 9
\BOOKMARK [1][-]{section.3.3}{\376\377\000H\000o\000m\000o\000p\000h\000i\000l\000y}{chapter.3}% 10
\BOOKMARK [0][-]{chapter.4}{\376\377\000D\000i\000a\000g\000o\000n\000a\000l\000i\000z\000a\000t\000i\000o\000n}{}% 11
\BOOKMARK [1][-]{section.4.1}{\376\377\000M\000a\000t\000r\000i\000c\000e\000s\000\040\000w\000i\000t\000h\000\040\000R\000e\000a\000l\000\040\000E\000i\000g\000e\000n\000v\000a\000l\000u\000e\000s}{chapter.4}% 12
\BOOKMARK [1][-]{section.4.2}{\376\377\000D\000i\000a\000g\000o\000n\000a\000l\000i\000z\000a\000t\000i\000o\000n}{chapter.4}% 13
\BOOKMARK [1][-]{section.4.3}{\376\377\000P\000o\000s\000i\000t\000i\000v\000e\000\040\000D\000e\000f\000i\000n\000i\000t\000e\000\040\000a\000n\000d\000\040\000P\000o\000s\000i\000t\000i\000v\000e\000\040\000S\000e\000m\000i\000-\000D\000e\000f\000i\000n\000i\000t\000e}{chapter.4}% 14
\BOOKMARK [0][-]{chapter.5}{\376\377\000H\000I\000T\000S\000\040\000\050\000J\000o\000n\000\040\000K\000l\000e\000i\000n\000b\000e\000r\000g\000\051}{}% 15
\BOOKMARK [1][-]{section.5.1}{\376\377\000H\000I\000T\000S\000-\000A\000l\000g\000o\000r\000i\000t\000h\000m}{chapter.5}% 16
\BOOKMARK [0][-]{chapter.6}{\376\377\000P\000a\000g\000e\000\040\000R\000a\000n\000k}{}% 17
\BOOKMARK [1][-]{section.6.1}{\376\377\000B\000a\000s\000i\000c\000\040\000P\000a\000g\000e\000\040\000R\000a\000n\000k\000\040\000A\000l\000g\000o\000r\000i\000t\000h\000m}{chapter.6}% 18
\BOOKMARK [1][-]{section.6.2}{\376\377\000S\000c\000a\000l\000e\000d\000\040\000P\000a\000g\000e\000\040\000R\000a\000n\000k}{chapter.6}% 19
\BOOKMARK [1][-]{section.6.3}{\376\377\000N\000o\000n\000-\000n\000e\000g\000a\000t\000i\000v\000e\000\040\000M\000a\000t\000r\000i\000c\000e\000s}{chapter.6}% 20
\BOOKMARK [0][-]{chapter.7}{\376\377\000S\000c\000a\000l\000e\000d\000\040\000P\000a\000g\000e\000\040\000R\000a\000n\000k}{}% 21
\BOOKMARK [1][-]{section.7.1}{\376\377\000I\000r\000r\000e\000d\000u\000c\000i\000b\000l\000e}{chapter.7}% 22
\BOOKMARK [1][-]{section.7.2}{\376\377\000P\000e\000r\000i\000o\000d\000i\000c\000i\000t\000y}{chapter.7}% 23
\BOOKMARK [1][-]{section.7.3}{\376\377\000P\000e\000r\000r\000o\000n\000-\000F\000r\000o\000b\000e\000n\000i\000u\000s\000\040\000T\000h\000e\000o\000r\000e\000m}{chapter.7}% 24
\BOOKMARK [1][-]{section.7.4}{\376\377\000S\000c\000a\000l\000e\000d\000\040\000P\000a\000g\000e\000\040\000R\000a\000n\000k}{chapter.7}% 25
\BOOKMARK [0][-]{chapter.8}{\376\377\000S\000c\000a\000l\000e\000d\000\040\000P\000a\000g\000e\